  ,c
ax(%E
0$75
  Yl#
*(00
lVPC
@A! 
'\Z2
VjRw
E"X:
O@6Wm
%*Oy
Mo/W9
h'Q'i
]o"-
MiYX
yqz}
OG/a
=nmi
}~}p
}O/~
Og\R1
ls{U
 !1$e
{9O;
kXcge
;E^?
0f@0!
+j<_C
'?AY
LS*1
O;Q>
1X9CR
'E-F
uTj2c
:)c_u9
*S:/
m16	>
-ruZD
nG3w
7kj4$Z&$
z~U>
h9hXW
=vs4Z
,Y'tZ
-ODyz(
-XF,`
O7S9z
ZZ]6
TYk2
~`	4
T|ch
enSf
6''R
CtI=94Qm
vT]C
u\0k
;\$+Vu
tJc%Z
KMjE
Mrt,|)
 #2B3$
nnnnn
Gc?F
0A?[
G}N0z
`XRjjj
r7<p
$N3Z
5ve4._X
Q"q1A
inbc
_+eoc?B
a3s9=
/a]6[
@WHg
Yg'gU
RWSb
^~aA
q6j2=
JjWkYQ
c&FJ
an5`
r3gO
8Ks]_
5N#U
-+2W
fT&nUs
6~5T'
, xH
x7>9
xUn6.
pT%iR
^+vO
-8c'
_6d1
=a2]VF7
xplS
!xt;
&5/}
NdO!
}.;G
UihCb
D9i>@
WDkZ
B\DL
XO`rm
=vTQ
,gXt
5Gv)A
0shj
O3Ai
_kZL7
h0r0
A*g3
X)g&
V0a>
"-m6R
Y\4jC
.'?e
^eXT
=C4g
31zU
Rh8h
Mul\hC
jjF&
hhjF&
Lq1B
hOS"
q}R555"
C!v&e
Z(HE
vB%P
/r6Z
lllllX
llllln)
6&66.
_*DLQ
%f<{
llll,
?C|j$4jP
M!DX
bCDQ
4A	|
#cn#
$G*7BbDh
#b9hY
]2/FX
,DJ(
o|Q(
6_z(
D8llb
>_K/
lnFE
Q]hQuf
Ybc(
0!1@P
ccco
dFG 
g	$q
jWFYx
BBBG"
CBEa
"1b$P
jjjjjjx
lYb&r
tR%#
(q444
6r+%
O(ldK,
!.C{
8#Dh
D&lX
gS_[9
BC]X
HQ55(
4hjk
&6!a
ll&JD
~;6/
 2AQ
"a0#3Bq
@RPT`br
Q6[I
"P{W
bU*[
r>QQ*
Od|s
Q*!J
TrgK"
Bk*:B
Q!o}
Y@N=
@@ae
>U0xr<
KzNJ
:Nt+
:;yF
\,,,,)
X(#_*6
\,,,iq
w]K<
"S)Q
!G}a?
}2g\
$"P?
acLJ
q_dd
S=Gb
m0J>;)
Nemu
+a{D
!f@^
N%Ap
r%0a
ee{B
vS;V
aa[L
:acK
+:[^
+:X 
aYcH
?W?FV
:eg\
6TnW[(9
[Skh
~ql|
	.=[
?e*`
\*zt
"1y\-^
}YhUK8N5
u 92
!1AQ
INf!
bUyp1
#,Ec
1+3O
2x8G/
Z7&fh#&
\Ucr
-%C7
)-1MF
'^-P
$H.3e
&3)D
KFB'
!Q|BV
-B	]
}NX`Z
Dr@.	o
p|4C
f )+D U
|B"4&
%r4B`=
7E0q
E+W(
`.Is
!5eF`-
*uGHe6
lc:"
c*1w
?*3*/
1GpuDYh#
Pb3D#p
l1.j
PZ,n8
]]d)I
o754	
e!`Kq
~Jrg
1k0%,R
rV=d8DSl
Va&m
#][ f
QD,=D]
KEj"
 {"b
Gs*c
,s;q
2]T&
j(j	EE
{&!m
 )UlA7`
eM4p
w"X(
[blu
@A=7
Ulj(
C}s <
K*6c
a*9`
RPR.
|fQ_
F<'@
X"LDh
yL[9b
1z3w
<(3)(A
&wp	-i
aB4X
L*	^'
;aK0
^7k2
b;gj
3M)Qo
E#P(m-
3lKX
P$CS
jh+WY[
()!K
3)U\
p;1G
|%Hk
K7%9d
I6I-6
H6B@
"X@$
C`"R
@ H%
$$Ci6BI2K 
CI IA
M&Rm
A0Ki
! 10A@Qaq
Yc:z
AvL@ 
zO?\
vF\]
yFYe
8J!0
YrqalI
,{@,,
wieb"M
rx;/
$)vH!
/WO 
p1f"
[lDr
HA2R
ZCg3d
x1f|
-%;m
Yd(p-
d<;y
mFSu
`'=u
! 01AQ@qa
_1J^,,[r
cjB2
^,-c2
j78'
=Y<7c7
<J{~
ZBB^^H
2BzG[
H,Y9;
>F:x
d,dg!
G^NKx
"Is^Y
z/F7c
0J[m
mmz'
 @P`0Qaq
DAD@
AA(0(
@(C 
P Pf
$QAE
DRT 
B@@@
Nr @
^jo	y
$A	(!
\@u@
"a>(u
jx &G
[tHP@
889~
