# Nmap 7.60 scan initiated Fri Jul  8 10:52:12 2022 as: nmap -sCV -p 53,80,88,135,139,389,445,464,593,636,3268,3269,3389,5985,9389,49666,49669,49670,49671,49673,49707,49913 -oN nmap.log 10.10.39.154
Nmap scan report for ip-10-10-39-154.eu-west-1.compute.internal (10.10.39.154)
Host is up (0.00066s latency).

PORT      STATE SERVICE       VERSION
53/tcp    open  domain?
80/tcp    open  http          Microsoft IIS httpd 10.0
| http-methods: 
|_  Potentially risky methods: TRACE
|_http-server-header: Microsoft-IIS/10.0
|_http-title: Site doesn't have a title (text/html).
88/tcp    open  kerberos-sec  Microsoft Windows Kerberos (server time: 2022-07-08 09:52:20Z)
135/tcp   open  msrpc         Microsoft Windows RPC
139/tcp   open  netbios-ssn   Microsoft Windows netbios-ssn
389/tcp   open  ldap          Microsoft Windows Active Directory LDAP (Domain: COOCTUS.CORP0., Site: Default-First-Site-Name)
445/tcp   open  microsoft-ds?
464/tcp   open  kpasswd5?
593/tcp   open  ncacn_http    Microsoft Windows RPC over HTTP 1.0
636/tcp   open  tcpwrapped
3268/tcp  open  ldap          Microsoft Windows Active Directory LDAP (Domain: COOCTUS.CORP0., Site: Default-First-Site-Name)
3269/tcp  open  tcpwrapped
3389/tcp  open  ms-wbt-server Microsoft Terminal Services
| ssl-cert: Subject: commonName=DC.COOCTUS.CORP
| Not valid before: 2022-07-07T09:28:58
|_Not valid after:  2023-01-06T09:28:58
|_ssl-date: 2022-07-08T09:54:25+00:00; -1s from scanner time.
5985/tcp  open  http          Microsoft HTTPAPI httpd 2.0 (SSDP/UPnP)
|_http-server-header: Microsoft-HTTPAPI/2.0
|_http-title: Not Found
9389/tcp  open  mc-nmf        .NET Message Framing
49666/tcp open  msrpc         Microsoft Windows RPC
49669/tcp open  ncacn_http    Microsoft Windows RPC over HTTP 1.0
49670/tcp open  msrpc         Microsoft Windows RPC
49671/tcp open  msrpc         Microsoft Windows RPC
49673/tcp open  msrpc         Microsoft Windows RPC
49707/tcp open  msrpc         Microsoft Windows RPC
49913/tcp open  msrpc         Microsoft Windows RPC
MAC Address: 02:20:4F:38:B9:49 (Unknown)
Service Info: Host: DC; OS: Windows; CPE: cpe:/o:microsoft:windows

Host script results:
|_clock-skew: mean: -1s, deviation: 0s, median: -1s
|_nbstat: NetBIOS name: DC, NetBIOS user: <unknown>, NetBIOS MAC: 02:20:4f:38:b9:49 (unknown)
| smb2-security-mode: 
|   2.02: 
|_    Message signing enabled and required
| smb2-time: 
|   date: 2022-07-08 10:54:26
|_  start_date: 1600-12-31 23:58:45

Service detection performed. Please report any incorrect results at https://nmap.org/submit/ .
# Nmap done at Fri Jul  8 10:55:06 2022 -- 1 IP address (1 host up) scanned in 174.19 seconds
