!This program cannot be run in DOS mode.
.text
P`.data
.rdata
`@.eh_fram
0@.bss
.idata
.CRT
.tls
Alan
 Tur
ing 
D$"Was 
D$&a Ge
D$*niusf
D$.e
UWVS
[^_]
[^_]
;Pw(
 [^_
[^_]
<_t#<nt'
8TuE
UWV1
9_GLO
[^_]
BAL_
8Bu+
UWVS
8Sug
=D<K
[^_]
<	wW
[^_]
S ;S$
;Lw.
UWVS
[^_]
UWVS
<ft5
[^_]
[^_]
[^_]
[^_]
8Itx
mt;1
<Ltg
<Xu4
:Eu2
8Etm
 [^_
 [^_
th<Etd
[^_]
A<5w
UWVS
F ;F$}
[^_]
C ;C$}
[^_]
UWVS
<JwW
<[^_]
S ;S$}
<[^_]
S ;S$
<[^_]
K ;K$
C ;C$
,[^_]
,[^_]
<vu_
,[^_]
UWVS
uf<.
u3<.t/<Rt
,[^_]
C,	<O
[^_]
D$,9
T$ 1
T$$1
8JtQ
UWVS
[^_]
[^_]
<Its
UWVS
8Lus
[^_]
[^_]
UWVS
[^_]
[^_]
9|$ 
;|$(}
D$4;
|$ >
8sun
Puh1
8gu5
|$ =
T$@1
T$ 1
L$ ;
T$,;
[^_]
,[^_]
,[^_]
,[^_]
 t!=
,[^_]
Mtkwa
L[^_]
L[^_]
L[^_]
,[^_]
UWVS
[^_]
[^_]
UWVS
[^_]
[^_]
C	<D
[^_]
_tG1
UWVS
T$H;
[^_]
[^_]
[^_]
[^_]
D$$t
$PGK
<[^_]
<[^_]
$hGK
 ud)
 [^_
 [^_
T$h1
L$h1
[^_]
D$<)
D$ P
t$ 	0
D$  
D$  
D$ `
UWVS
|$01
[^_]
|$08
\$01
\$ 	
D$0	
+t$X
-\IK
D$X+D$L
|$0	
T$$~(
|$45
t$0)
+|$4
+D$4
D$`9
D$t+|$X
+t$4
D$x+D$@9
+D$0
t$09
t$`9
;D$4
T$`9
;D$\uH
%dIK
\$01
D$ 1
D$L+D$X
;D$4
T$l)
\$4)
+D$8
+D$0
D$ )
\$`9
D$4)
+D$4
t$@9t$4~
\$`9
UWVS
;l$H
9l$H
;D$H
[^_]
[^_]
;l$H
[^_]
 [^_
[^_]
UWVS
|$(9
9|$(vx
9\$ w
9|$(w
L[^_]
UWVS
[^_]
UWVS
D$$1
+T$P
<[^_]
290t
UWVS
:98t
9l$(w
+D$d
\$(9\$0vX
+D$(
L[^_]
L[^_]
[^_]
[^_]
UWVS
,[^_]
,[^_]
 [^_
 [^_
UWVS
D$(%
T$$)
<[^_]
<*t[
[^_]
<{t+
<,u	
[^_]
[^_]
[^_]
[^_]
UWVS
[^_]
[^_]
[^_]
UWVS
D$T1
T$$f
T$&f
L$$f
t$&f
T$X)
D$T+\$
<[^_]
<[^_]
UWVS
D$X+D$
<[^_]
L$,9
9D$X
<[^_]
ttf=
D$@f
UWVS
D$,;\$
l$,1
|$(1
\$(1
[^_]
+L$,;L$
+t$(
t$ 9p
[^_]
[^_]
)t$ 
[^_]
D$$)
+D$`
t$$9^
D$ 9G
|$(1
UWVS
[^_]
|$()
[^_]
8WVS
[^_]
D$8+D$<
UWVS
D$ +D$$
T$,9
|$ ;x
<[^_]
L$(1
L[^_]
UWVS
[^_]
[^_]
[^_]
[^_]
[^_]
gfff
gfff
,[^_]
@[^_
@[^_
@[^_
UWVS
T$8f
|$Lf
D$^.
|[^_]
gfff
gfff
f+t$
D$ 9
T$(1
|[^_]
|[^_]
[^_]
[^_]
UWVS
[^_]
UWVS
+T$0
;|$8w1
[^_]
[^_]
UWVS
D$(f%
[^_]
T$(1
<[^_]
T$*f
|$Pf
UWVS
l$lf
L[^_]
D$,1
D$,f
[^_]
UWVS
[^_]
D$0)D$H
D$|;D$ 
[^_]
"L$X
D$8t&
+D$8
D$|9
)D$H)
)D$4
D$L)
+\$4
D$ 9D$|
|$09
9\$||
|$ 1
l$D)
D$|9
D$D)
+T$L
T$01
D$|9
l$H+l$ 
9\$Du
|$09
|$09tS
D$8 
\$Dt'
D$8 
UWVS
\$H9^
T$81
\$41
T$$)
D$ 9|$8s
9D$Ds@
+D$p
l$D1
9|$8s
s)+T$p
\[^_]
UWVS
[^_]
[^_]
[^_]
UWVS
[^_]
[^_]
[^_]
[^_]
<PtO
[^_]
[^_]
[^_]
0tOw
Gh9]
[^_]
D$$<
t$(1
L[^_]
[^_]
[^_]
UWVS
@c@t
,[^_]
[^_]
Fc@t
UWVS
D$09
Cc@t
[^_]
Gc@t
Ac@t
@c@t
@c@t
[^_]
Ac@t+
Gc@t
Fc@t
Ec@t
[^_]
Cc@t
[^_]
[^_]
[^_]
Ac@t
Bc@t
WVSRP
[^_]
;\$D|o
9\$D~4
;t$D|
,[^_]
,[^_]
 t/v
Pu&1
<PtO
[^_]
[^_]
[^_]
 [^_
~	zt
<[^_]
<[^_]
<[^_]
T$,)
[^_]
[^_]
UWVS
,[^_]
[^_]
D$89
[^_]
D$89
D$ 9F
9t$$to
|$,1
;T$ 
t$ 1
UWVS
[^_]
[^_]
[^_]
[^_]
UWVS
,[^_]
$l+K
$l+K
$l+K
$l+K
$l+K
$l+K
$l+K
$l+K
$l+K
$l+K
$l+K
$l+K
$l+K
$l+K
$l+K
$l+K
$l+K
$l+K
tIv7
 [^_
[^_]
[^_]
[^_]
0t_w
D$$w.
<PtO
[^_]
[^_]
[^_]
$PcJ
UWVS
,[^_]
,[^_]
[^_]
[^_]
[^_]
[^_]
[^_]
[^_]
[^_]
[^_]
[^_]
[^_]
UWVS
<stb<zt
[^_]
UWVS
<[^_]
0[^_
UWVS
<[^_]
[^_]
[^_]
UWVS
[^_]
0[^_
D$ f
D$ f
UWVS
t$H;\$Dt-
UWVS
[^_]
[^_]
UWVS
,[^_]
[^_]
UWVS
l$H9
,[^_]
[^_]
;L$ 
D$$	F
[^_]
<[^_]
UWVS
9L$(
8\$>
#T$8
l[^_]
L$> L$?t
T$P	U
l[^_]
l[^_]
l[^_]
l[^_]
t$D;t$L
,[^_]
[^_]
[^_]
[^_]
UWVS
;\$4v
[^_]
[^_]
UWVS
[^_]
[^_]
;D$$r
UWVS
;\$4w=
[^_]
[^_]
UWVS
|$8;X
[^_]
t$ f
UWVS
[^_]
[^_]
;\$$w=
[^_]
[^_]
UWVS
[^_]
[^_]
t$,9
UWVS
T$<9
;\$@wM
[^_]
[^_]
;\$@v
UWVS
;\$4v
[^_]
[^_]
UWVS
[^_]
[^_]
;D$$r
UWVS
;\$4w:
[^_]
UWVS
[^_]
[^_]
UWVS
[^_]
UWVS
;D$4w9
[^_]
UWVS
[^_]
UWVS
[^_]
t$,9
|$<9
;\$@w;
[^_]
;\$@v
@(=0"B
@$=@"B
@ =`#B
=p#B
@(=`%B
@$=p%B
=@*B
=p-B
[^_]
D$01
[^_]
[^_]
[^_]
[^_]
[^_]
D$$d
D$$d
D$$t
D$$t
D$$y
D$$y
D$$w
D$$w
D$$m
D$$m
D$$d
D$$d
D$$t
D$$t
D$$y
D$$y
D$$w
D$$w
D$$m
D$$m
[^_]
[^_]
[^_]
[^_]
D$8	
`[^_
`[^_
D$8	
`[^_
`[^_
[^_]
[^_]
[^_]
[^_]
UWVS
+D$(
[^_]
UWVS
[^_]
[^_]
UWVS
[^_]
UWVS
[^_]
UWVS
[^_]
UWVS
[^_]
UWVS
[^_]
UWVS
[^_]
t$$9
$=pgB
t$$9
=`jB
[^_]
[^_]
l$8<
=`jB
 ^_]
=`jB
 ^_]
\$$9
\$$9
UWVS
|$09
[^_]
|$$9
|$$9
UWVS
|$09
[^_]
T$ f
@w#1
UWVS
\$@;\$Dsz
9D$Hu
,[^_]
[^_]
[^_]
UWVS
|$Htv;\$Ds[
,[^_]
;\$Ds
,[^_]
[^_]
[^_]
[^_]
[^_]
[^_]
[^_]
[^_]
[^_]
[^_]
@(=p
@ =0
@ =`
UWVS
;\$4w=
[^_]
[^_]
UWVS
[^_]
[^_]
;D$$r
UWVS
;\$4w<
[^_]
UWVS
\$89
[^_]
[^_]
D$ 9
$H K
T$$9
UWVS
[^_]
|$ 9
UWVS
|$09
;D$4w;
[^_]
[^_]
UWVS
D$49
[^_]
t$,9
|$(9
UWVS
T$<9
;\$@wA
[^_]
;\$@v
D$ 9
UWVS
;\$4v
[^_]
[^_]
UWVS
[^_]
[^_]
;D$$r
UWVS
;\$4wG
[^_]
UWVS
|$8;Y
[^_]
[^_]
D$ 9
T$$9
T$ f
UWVS
,[^_]
,[^_]
t$ 9
t$(9
;\$$w?
[^_]
[^_]
UWVS
D$49
[^_]
[^_]
t$,9
|$(9
UWVS
T$<9
;\$@wI
[^_]
[^_]
;\$@v
D$ 9
t(9]
t]9u
[^_]
[^_]
4F9]
t(9]
tS9u
[^_]
[^_]
UWVS
D$,uR
[^_]
"T$,
UWVS
D$,uR
[^_]
"T$,
D$4uD
[^_]
"\$4
UWVS
D$$t
D$.1
2\$.
D$ ;D$l
;D$h
;D$d
[^_]
[^_]
D$ ;D$lt
D$8uf
[^_]
"T$8
[^_]
9u t
9u u
P(;}
[^_]
D$8ui
[^_]
"T$8
UWV1
2T$;
D$h;t$L
<%un
D$<8
;t$Lt
[^_]
"T$;
:D$;
=`jB
D$p%m/%
D$td/%y
=`jB
D$p%H:%
l$pf
=`jB
D$p%H:%
D$tM:%S
!D$@
t$P1
98tp
[^_]
;E r
[^_]
UWVS
"\$;
\$;8
D$H9
@ =P
D$;8
[^_]
"T$;
T$;8
B tu
[^_]
D$H9
!D$<
L$<1
!D$<
[^_]
@ =P
[^_]
\[^_]
[^_]
UWVS
D$,uEf
[^_]
"\$,f
UWVS
D$,uEf
[^_]
"\$,f
UWVS
L$H	
D$Cukf
[^_]
"\$Cf
D$(f
D$$t
D$.1
"T$.
T$.8T$
;t$l
;D$h
;D$d
D$,f
"T$.
!L$ f
;t$lt
D$,f
[^_]
L$H	
[^_]
[^_]
9u t
9u u
P(;]
L$H	
[^_]
UWVS
D$Hf
D$f1
"\$f
;|$L
L$D<%uV
D$df9
!L$@f
;|$Lt
D$df
[^_]
|$Df
L$Tf
T$|f
T$Hf
D$df
T$Hf
L$Tf
T$Hf
L$Tf
T$Hf
T$Hf
T$Hf
"\$f
\$f8
T$lf
T$Hf
L$Tf
T$Hf
D$df
T$Hf
T$Hf
L$Tf
T$Hf
T$Hf
L$Tf
T$Hf
L$Tf
T$Hf
L$Tf
T$Hf
!L$@f
T$P1
[^_]
t	9G
;E r
UWVS
D$Df
D$:9
"D$P
D$@9
D$:f
D$Rf
t$jf
D$P8
T$\f
D$:f
[^_]
"D$P
T$:f
!L$<f
!L$<f
D$@9
|$Qf
t$lf
|$j1
UWVS
t$Lf
l$Jf
[^_]
t$Jf
\[^_]
T$4f
l$Jf
[^_]
l$Lf
T$Jf
[^_]
80t*
[^_]
80t*
[^_]
=`jB
uf9]
[^_]
[^_]
80t*
W f9
W(f9
[^_]
80t*
W f9
W(f9
[^_]
[^_]
=`jB
[^_]
=`jB
[^_]
[^_]
[^_]
[^_]
[^_]
t&9\$,u
UWVS
;|$T
v69t$Tv0
|$P1
,[^_]
UWVS
D$X)
L$d)
9|$X
9\$dvv
D$d)
9|$Xv-9\$dv'
;|$X
<[^_]
9|$Xv:
9|$Xv
UWV1
[^_]
t-9\$
tR9t$
[^_]
[^_]
4F9\$
t-9\$
tX9t$
[^_]
[^_]
t	8NK
t	8^%
8^Lt	8^M
[^_]
:F$t
t	8NK
t	8^%
8^Lt	8^M
[^_]
:F$t
t	8NK
t	8^%
8^Lt	8^M
[^_]
:F$t
t	8NK
t	8^%
8^Lt	8^M
[^_]
Wf9}
:F$t
t	8_K
t	8_%
8_Lt	8_M
[^_]
t	8_%
:_$t
8XLt	8XM
[^_]
:G$t
t	8^K
t	8^%
8^Lt	8^M
[^_]
t	8^%
:^$t
u|8E
[^_]
t	8^K
t	8^%
8^Lt	8^M
[^_]
t	8^%
:^$t
u{8E
[^_]
t	8^K
t	8^%
8^Lt	8^M
[^_]
t	8^%
:^$t
u|8E
[^_]
t	8^K
t	8^%
8^Lt	8^M
[^_]
t	8^%
:^$t
ut8E
[^_]
t	8ZK
8XLt	8XM
[^_]
t	8Z%
:X$t
u|8E
[^_]
t	8ZK
8XLt	8XM
[^_]
t	8Z%
:X$t
up:E
[^_]
8F\t	8Fb
[^_]
8F\t	8Fb
8^%t
[^_]
=`dD
=pdD
UWVS
<[^_]
UWVS
L[^_]
D$-	
"D$,
8\$'
D$,9}
D$-!
9o u
t	9o
u,:E
[^_]
u,:E
[^_]
u,:E
[^_]
f9~r
f9~$
f9~&
f9~&
f9~$
f9~x
f9~tt
f9~v
f9~&
f;~$
[^_]
f9~r
f9~$
f9~&
f9~&
f9~$
f9~x
f9~tt
f9~v
f9~&
f;~$
[^_]
f9~r
f9~$
f9~&
f9~&
f9~$
f9~x
f9~tt
f9~v
f9~&
f;~$
[^_]
f9~r
f9~$
f9~&
f9~&
f9~$
f9~x
f9~tt
f9~v
f9~&
f;~$
[^_]
Wf9}
f9^r
f9^$
f9^&
f9^&
f9^$
f9^x
f9^tt
f9^v
f9^&
f;^$
[^_]
f9wr
f9w$
f9w&
f9w&
f9w$
f9wx
f9wtt
f9wv
f9w&
f;w$
[^_]
f9^r
f9^$
f9^&
f9^&
f9^$
f9^x
f9^tt
f9^v
[^_]
f9^&
f;^$
[^_]
f9^r
f9^$
f9^&
f9^&
f9^$
f9^x
f9^tt
f9^v
[^_]
f9^&
f;^$
[^_]
f9^r
f9^$
f9^&
f9^&
f9^$
f9^x
f9^tt
f9^v
[^_]
f9^&
f;^$
[^_]
f9^r
f9^$
f9^&
f9^&
f9^$
f9^x
f9^tt
f9^v
[^_]
Wf9U
f9^&
f;^$
[^_]
f9Zr
f9X$
f9X&
f9X&
f9X$
f9Xx
f9Xtt
f9Xv
[^_]
f9Z&
f;X$
[^_]
f9sr
f9s$
f9s&
f9s&
f9s$
f9sx
f9stt
f9sv
[^_]
f9s&
f;s$
[^_]
f9p$
f9pr
f9pp
f9p&
f9p$
[^_]
f9wp
f9w&
f9w$
f9wp
f9s&t
f9s$
f9sx
f9w&
f9w$
[^_]
@ = 
L[^_]
[^_]
[^_]
9V u
[^_]
t$9F 
[^_]
t	9V
[^_]
[^_]
[^_]
[^_]
[^_]
[^_]
[^_]
UWVS
,[^_]
,[^_]
[^_]
[^_]
=P6E
=`6E
=p6E
[^_]
[^_]
[^_]
[^_]
UWVS
,[^_]
,[^_]
[^_]
[^_]
= RE
=0RE
=@RE
=PRE
UWVS
D$,uR
[^_]
"T$,
UWVS
D$,uR
[^_]
"T$,
D$4uD
[^_]
"\$4
UWVS
D$$t
D$.1
2\$.
D$ ;D$l
;D$h
;D$d
[^_]
[^_]
D$ ;D$lt
D$8uf
[^_]
"T$8
[^_]
9u t
9u u
P(;}
[^_]
D$8ui
[^_]
"T$8
UWVS
D$H;\$0
;\$0u
[^_]
98tp
[^_]
;E r
[^_]
UWVS
"T$/
T$/8
D$<9
D$4<Et
D$<9
D$/8
[^_]
"T$/
T$/8
B tu
[^_]
L$01
!D$0
!D$0
[^_]
[^_]
[^_]
UWVS
D$,uEf
[^_]
"\$,f
UWVS
D$,uEf
[^_]
"\$,f
UWVS
L$H	
D$Cukf
[^_]
"\$Cf
D$(f
D$$t
D$.1
"T$.
T$.8T$
;t$l
;D$h
;D$d
D$,f
"T$.
!L$ f
;t$lt
D$,f
[^_]
L$H	
[^_]
[^_]
9u t
9u u
P(;]
L$H	
[^_]
UWVS
;\$<
<%u[
;\$<t
[^_]
$K"K
$Q"K
D$df
$B"K
[^_]
t	9G
;E r
UWVS
D$8f
D$.9
"\$A
\$A8
D$49
D$.f
T$8f
T$H1
\$jf
D$hf
D$A8
l$Xf
D$\f
D$89
D$.f
[^_]
"T$A
T$A8
T$.f
"T$A
!L$0f
!L$0f
D$49
D$.f
T$8f
D$Hf
\$jf
D$l1
UWVS
|$:f
|$<f
l$:f
T$4f
l$Jf
[^_]
l$Lf
T$Jf
UWVS
;\$x
9\$x
9|$x
T$'9\$x
L[^_]
9|$xt
UWVS
[^_]
UWVS
;\$x
9\$x
9|$x
T$69\$x
9|$xt
UWVS
t$*f
[^_]
t$,f
T$*f
UWVS
[^_]
[^_]
[^_]
[^_]
[^_]
[^_]
=`jB
[^_]
[^_]
S f9
S(f9
[^_]
[^_]
S f9
S(f9
[^_]
[^_]
[^_]
=`jB
[^_]
=`jB
[^_]
[^_]
[^_]
[^_]
[^_]
T$ 9
[^_]
[^_]
\$4;\$0tV+\$0
[^_]
L$(9
L$(9
[^_]
[^_]
UWVS
[^_]
[^_]
D$ +
T$$)
UWVS
[^_]
UWVS
[^_]
UWVS
[^_]
UWVS
[^_]
 [^_
091t#
D$ +
D$ +
UWVS
\$H9
,[^_]
D$$)
[^_]
<x9}
UWVS
[^_]
D$@;A
0[^_
UWVS
<[^_]
t19L$Xt+
<[^_]
 [^_
 [^_
[^_]
[^_]
[^_]
[^_]
UWVS
,[^_]
[^_]
[^_]
[^_]
[^_]
[^_]
[^_]
[^_]
[^_]
[^_]
[^_]
[^_]
[^_]
[^_]
[^_]
[^_]
[^_]
[^_]
[^_]
[^_]
[^_]
[^_]
[^_]
[^_]
[^_]
UWVS
9T$D
9L$D
[^_]
9L$D
[^_]
;L$D}
[^_]
[^_]
[^_]
[^_]
UWVS
<[^_]
<[^_]
UWVS
;D$d
;D$d
L[^_]
L[^_]
t?9D$du
UWVS
B t#
[^_]
[^_]
UWVS
B t#
[^_]
[^_]
<[^_]
[^_]
9L$T
9|$T~u
L$T)
9|$T
;|$T
9|$T~
[^_]
[^_]
[^_]
[^_]
[^_]
[^_]
[^_]
[^_]
[^_]
[^_]
[^_]
[^_]
 t2V
 t2V
[^_]
[^_]
[^_]
[^_]
[^_]
[^_]
[^_]
[^_]
[^_]
[^_]
[^_]
[^_]
[^_]
D$49
[^_]
L$(9
L$(9
[^_]
[^_]
UWVS
[^_]
[^_]
?w]9
D$ +
T$$)
UWVS
[^_]
UWVS
[^_]
[^_]
?WVS
[^_]
 [^_
091t#
D$ +
D$ +
UWVS
\$H9
,[^_]
?wH9
D$$)
[^_]
UWVS
[^_]
D$@;A
0[^_
UWVS
L$P)
<[^_]
t-9l$Xt'
<[^_]
UWVS
[^_]
[^_]
 [^_
 [^_
UWVS
[^_]
[^_]
@p!)K
@t')K
@x+)K
@|0)K
[^_]
[^_]
@H0*K
@L8*K
@P@*K
@TH*K
@XP*K
@\X*K
@``*K
@dh*K
@hx*K
[^_]
[^_]
UWVS
[^_]
[^_]
UWVS
94$r
[^_]
UWVS
94$r
[^_]
UWVS
[^_]
t'9V
3f92t
UWVS
[^_]
[^_]
[^_]
[^_]
[^_]
[^_]
[^_]
[^_]
T$"f
UWVS
[^_]
UWVS
[^_]
[^_]
UWVS
[^_]
[^_]
[^_]
[^_]
[^_]
[^_]
[^_]
[^_]
[^_]
[^_]
[^_]
[^_]
[^_]
[^_]
[^_]
[^_]
[^_]
[^_]
[^_]
[^_]
[^_]
[^_]
[^_]
[^_]
[^_]
[^_]
[^_]
[^_]
[^_]
[^_]
[^_]
[^_]
[^_]
[^_]
[^_]
[^_]
[^_]
[^_]
A0VS
C\+Ch
[^_]
T$,)
[^_]
[^_]
t$@u
D$$#D$ 
UWVS
<[^_]
D$$#D$ 
0[^_
0[^_
0[^_
UWVS
[^_]
UWVS
[^_]
[^_]
UWVS
[^_]
[^_]
UWVS
[^_]
[^_]
D$$#D$ 
yT;A
0[^_
D$$#D$ 
UWVS
[^_]
UWVS
L[^_]
T$<9
D$<+C
T$<9
9D$(r+
L[^_]
[^_]
[^_]
[^_]
[^_]
[^_]
A0VS
C`+Cl
[^_]
T$,)
[^_]
[^_]
D$$#D$ 
UWVS
<[^_]
D$$#D$ 
0[^_
0[^_
0[^_
UWVS
[^_]
UWVS
[^_]
[^_]
UWVS
[^_]
[^_]
UWVS
[^_]
[^_]
D$$#D$ 
t$ f
yX;A
D$$#D$ 
0[^_
UWVS
[^_]
UWVS
T$<9
D$<+C
T$<9
L[^_]
9D$(r+
[^_]
[^_]
[^_]
[^_]
UWVS
[^_]
yxVS
[^_]
[^_]
[^_]
[^_]
[^_]
[^_]
[^_]
[^_]
[^_]
[^_]
[^_]
[^_]
[^_]
[^_]
[^_]
[^_]
[^_]
UWVS
[^_]
y|VS
[^_]
C|\ZK
[^_]
[^_]
C|\ZK
[^_]
[^_]
C|\ZK
[^_]
[^_]
C|\ZK
[^_]
[^_]
[^_]
[^_]
[^_]
[^_]
[^_]
[^_]
[^_]
[^_]
[^_]
[^_]
[^_]
[^_]
[^_]
[^_]
[^_]
[^_]
[^_]
[^_]
[^_]
[^_]
[^_]
[^_]
[^_]
[^_]
[^_]
[^_]
[^_]
[^_]
[^_]
[^_]
[^_]
<[^_]
9T$T
f9D$
;T$T
;T$T|
[^_]
t[f9E
[^_]
[^_]
[^_]
[^_]
UWVS
<[^_]
<[^_]
UWVS
f;D$
f;D$
<[^_]
<[^_]
tnf9D$
[^_]
[^_]
[^_]
[^_]
D$,f
D$`1
L[^_]
[^_]
;|$d
L$(f;D$,u{
;L$d
f9D$"
|$`f
;L$d
f;D$,
D$`1
t$$1
D$`1
D$`1
D$`1
[^_]
[^_]
[^_]
[^_]
[^_]
[^_]
[^_]
[^_]
[^_]
[^_]
[^_]
[^_]
[^_]
 t2V
 t2V
[^_]
[^_]
[^_]
[^_]
[^_]
[^_]
[^_]
[^_]
[^_]
[^_]
[^_]
Genu
[^_]
UWVS
[^_]
ytVS
[^_]
[^_]
[^_]
[^_]
[^_]
[^_]
[^_]
[^_]
[^_]
[^_]
[^_]
[^_]
[^_]
[^_]
[^_]
[^_]
[^_]
UWVS
[^_]
yxVS
[^_]
[^_]
[^_]
[^_]
[^_]
[^_]
[^_]
[^_]
[^_]
[^_]
[^_]
[^_]
[^_]
[^_]
[^_]
[^_]
[^_]
[^_]
[^_]
[^_]
[^_]
UWVS
T$4f
[^_]
[^_]
[^_]
[^_]
ypVS
Cp$[K
[^_]
Cp$[K
[^_]
[^_]
Cp$[K
[^_]
[^_]
Cp$[K
[^_]
[^_]
Cp$[K
[^_]
[^_]
[^_]
[^_]
[^_]
[^_]
[^_]
[^_]
[^_]
[^_]
[^_]
ytVS
CtL[K
[^_]
CtL[K
[^_]
[^_]
CtL[K
[^_]
[^_]
CtL[K
[^_]
[^_]
CtL[K
[^_]
[^_]
[^_]
[^_]
[^_]
[^_]
[^_]
[^_]
[^_]
[^_]
UWVS
[^_]
[^_]
UWVS
[^_]
[^_]
UWVS
[^_]
[^_]
UWVS
[^_]
[^_]
UWVS
[^_]
[^_]
UWVS
[^_]
[^_]
UWVS
[^_]
[^_]
UWVS
[^_]
[^_]
UWVS
[^_]
[^_]
UWVS
[^_]
[^_]
UWVS
[^_]
[^_]
UWVS
[^_]
[^_]
[^_]
[^_]
UWVS
[^_]
[^_]
[^_]
[^_]
UWVS
[^_]
[^_]
[^_]
[^_]
UWVS
[^_]
[^_]
[^_]
[^_]
UWVS
[^_]
[^_]
0[^_
0[^_
L[^_]
L[^_]
 [^_
UWVS
[^_]
UWVS
[^_]
=`xH
[^_]
0[^_
0[^_
L[^_]
L[^_]
 [^_
UWVS
[^_]
UWV1
[^_]
[^_]
UWVS
[^_]
[^_]
UWVS
[^_]
[^_]
UWVS
[^_]
[^_]
UWVS
[^_]
[^_]
8Ct&
[^_]
[^_]
[^_]
?Ct'
[^_]
[^_]
[^_]
8Ct&
[^_]
[^_]
[^_]
?Ct'
[^_]
[^_]
[^_]
8Ct&
[^_]
[^_]
[^_]
?Ct'
[^_]
[^_]
[^_]
8Ct&
[^_]
[^_]
[^_]
?Ct'
[^_]
[^_]
[^_]
=0UE
=`jB
=`jB
[^_]
=`jB
=`jB
[^_]
=@WE
[^_]
[^_]
8Ct&
[^_]
[^_]
[^_]
?Ct'
[^_]
[^_]
[^_]
8Ct&
[^_]
[^_]
[^_]
?Ct'
[^_]
[^_]
[^_]
8Ct&
[^_]
[^_]
[^_]
?Ct'
[^_]
[^_]
[^_]
8Ct&
[^_]
[^_]
[^_]
?Ct'
[^_]
[^_]
[^_]
8Ct&
[^_]
[^_]
[^_]
?Ct'
[^_]
[^_]
[^_]
8Ct&
[^_]
[^_]
[^_]
?Ct'
[^_]
[^_]
[^_]
8Ct&
[^_]
[^_]
[^_]
?Ct'
[^_]
[^_]
[^_]
8Ct&
[^_]
[^_]
[^_]
?Ct'
[^_]
[^_]
[^_]
=p#B
B =`#B
=0#B
@$=@"B
@(=0"B
=`jB
[^_]
=`jB
[^_]
=`&B
@$=p%B
@(=`%B
=`jB
[^_]
=`jB
[^_]
=@*B
= (B
[^_]
=@*B
= (B
[^_]
=p-B
=P+B
=@-B
[^_]
=p-B
=P+B
[^_]
UWVS
,[^_]
8AMu
,[^_]
,[^_]
8AJt	8AH
UWVS
T$ %
<[^_]
L$$f9
T$$f9
T$(f9A
T$$f9A
<[^_]
<[^_]
[^_]
[^_]
,[^_]
,[^_]
,[^_]
UWVS
\$(9l$
\$,9l$
<[^_]
,[^_]
[^_]
UWVS
D$')
"L$';T$Xvl
[^_]
9D$Xw
;D$X
+D$X
\$4)
 [^_
 [^_
 [^_
\$4)
 [^_
 [^_
 [^_
 [^_
 [^_
 [^_
$T!K
 [^_
 [^_
 [^_
$T!K
UWVS
[^_]
D$ 9
$H K
UWVS
D$,9
[^_]
\$ +
\$ +
L$49
9D$$w
9D$$w
UWVS
[^_]
\$ +
L$(9
D$ +
t$(9
D$ +
D$ 9
UWVS
[^_]
\$(9
D$ +
$d(K
\$$9
UWVS
,[^_]
UWVS
,[^_]
UWVS
|$D)
,[^_]
UWVS
,[^_]
UWVS
,[^_]
UWVS
,[^_]
UWVS
,[^_]
UWVS
,[^_]
UWVS
,[^_]
$d(K
UWVS
,[^_]
$d(K
UWVS
,[^_]
$d(K
UWVS
,[^_]
$d(K
UWVS
|$D)
,[^_]
$d(K
UWVS
,[^_]
$d(K
UWVS
,[^_]
$d(K
UWVS
[^_]
UWVS
l$<)
[^_]
UWVS
[^_]
UWVS
;t$4w'9
[^_]
UWVS
l$<)
[^_]
UWVS
D$09
[^_]
[^_]
UWVS
[^_]
UWVS
l$P9
<[^_]
?wA9
UWVS
D$,;;
<[^_]
[^_]
UWVS
[^_]
9D$$w
 [^_
UWVS
D$$)
"L$$;T$Xvq
[^_]
B9D$Xw
;D$X
+D$X
D$ )
t$ f
$X$K
\$4)
 [^_
\$4)
 [^_
 [^_
 [^_
UWVS
[^_]
D$ 9
UWVS
t$P9
<[^_]
\$ +
UWVS
[^_]
[^_]
\$ +
UWVS
[^_]
[^_]
L$49
9D$$w
9D$$w
UWVS
[^_]
D$(+1
D$ +
t$(9
D$ +
D$ 9
UWVS
[^_]
\$(9
D$()
D$ +
$d(K
\$$9
UWVS
[^_]
UWVS
[^_]
UWVS
[^_]
T$4+
[^_]
UWVS
[^_]
UWVS
[^_]
UWVS
[^_]
UWVS
[^_]
UWVS
[^_]
$d(K
T$4+
[^_]
$d(K
UWVS
[^_]
$d(K
UWVS
[^_]
$d(K
UWVS
[^_]
$d(K
UWVS
[^_]
$d(K
UWVS
[^_]
$d(K
UWVS
[^_]
UWVS
l$<)
[^_]
UWVS
[^_]
UWVS
;D$4w&9
[^_]
UWVS
l$<)
[^_]
UWVS
D$09
[^_]
[^_]
UWVS
[^_]
UWVS
l$P9
<[^_]
$h#K
<[^_]
[^_]
UWVS
[^_]
9D$$w
 [^_
[^_]
[^_]
UWVS
[^_]
[^_]
[^_]
[^_]
UWVS
[^_]
[^_]
[^_]
[^_]
UWVS
[^_]
[^_]
[^_]
[^_]
UWVS
[^_]
[^_]
UWVS
[^_]
[^_]
UWVS
[^_]
[^_]
UWVS
[^_]
[^_]
UWVS
[^_]
[^_]
8Ct&
[^_]
[^_]
[^_]
?Ct'
[^_]
[^_]
[^_]
8Ct&
[^_]
[^_]
[^_]
?Ct'
[^_]
[^_]
[^_]
8Ct&
[^_]
[^_]
[^_]
?Ct'
[^_]
[^_]
[^_]
8Ct&
[^_]
[^_]
[^_]
?Ct'
[^_]
[^_]
[^_]
8Ct&
[^_]
[^_]
[^_]
?Ct'
[^_]
[^_]
[^_]
8Ct&
[^_]
[^_]
[^_]
?Ct'
[^_]
[^_]
[^_]
8Ct&
[^_]
[^_]
[^_]
?Ct'
[^_]
[^_]
[^_]
8Ct&
[^_]
[^_]
[^_]
?Ct'
[^_]
[^_]
[^_]
8Ct&
[^_]
[^_]
[^_]
?Ct'
[^_]
[^_]
[^_]
8Ct&
[^_]
[^_]
[^_]
?Ct'
[^_]
[^_]
[^_]
8Ct&
[^_]
[^_]
[^_]
?Ct'
[^_]
[^_]
[^_]
8Ct&
[^_]
[^_]
[^_]
?Ct'
[^_]
[^_]
[^_]
@%,1
UWVS
[^_]
y$VS
[^_]
<[^_]
[^_]
[^_]
[^_]
[^_]
@%,1
t$ t
[^_]
UWVS
t$P9
[^_]
t$ t
[^_]
UWVS
t$P9
[^_]
UWVS
[^_]
UWVS
l$Ltv
\$@f
[^_]
\$@%
UWVS
UWVS
l$Lt~
\$@f
\$@%
UWVS
D$01
|$$1
L$8f
[^_]
UWVS
D$8f
+\$4
\$01
+\$4
9D$4
+D$4
[^_]
;D$4t.
UWVS
;D$@t
,[^_]
UWVS
;D$@t
,[^_]
-P'K
-@'K
-@'K
-P'K
UWVS
;D$@t
,[^_]
[^_]
[^_]
UWVS
[^_]
[^_]
UWVS
[^_]
[^_]
UWVS
L$ 8
<}w	8
[^_]
B t.
T$ 1
T$ 1
T$ 1
T$ 1
T$ 1
T$ 1
T$ 1
T$ 1
T$ 1
T$ 1
T$ 1
T$ 1
T$ 1
T$ 1
T$ 1
T$ 1
T$ 1
T$ 1
T$ 1
T$ 1
T$ 1
T$ 1
T$ 1
T$ 1
T$ 1
T$ 1
T$ 1
T$ 1
T$ 1
T$ 1
T$ 1
T$ 1
T$ 1
T$ 1
T$ 1
T$ 1
T$ 1
T$ 1
T$ 1
T$ 1
[^_]
[^_]
D$$f
[^_]
[^_]
[^_]
[^_]
[^_]
[^_]
[^_]
[^_]
[^_]
[^_]
UWVS
;|$(
L[^_]
L[^_]
P$;|$(
|$(tw
[^_]
T$4f
D$$f
[^_]
UWVS
UWVS
[^_]
[^_]
CUNG
UWVS
CUNG
UWVS
l$0!
L[^_]
[^_]
UWVS
D$(9
[^_]
|[^_]
;\$h
l$m1
\$m1
\$m1
D$X9
l$,9
[^_]
D$P9
9\$h
D$4T[K
t$8u#
D$4h[K
D$"t
t$<1
|$,9
$ cJ
$pcJ
libgcc_s_dw2-1.dll
__register_frame_info
__deregister_frame_info
__gnu_cxx::__concurrence_lock_error
__gnu_cxx::__concurrence_unlock_error
basic_string::append
locale::_S_normalize_category category not found
locale::_Impl::_M_replace_facet
__gnu_cxx::__concurrence_lock_error
__gnu_cxx::__concurrence_unlock_error
true
false
true
false
uninitialized __any_string
cannot create shim for unknown locale::facet
%s: __pos (which is %zu) > this->size() (which is %zu)
basic_string::at: __n (which is %zu) >= this->size() (which is %zu)
basic_string::copy
basic_string::compare
basic_string::_S_create
basic_string::erase
basic_string::_M_replace_aux
basic_string::insert
basic_string::replace
basic_string::assign
basic_string::append
basic_string::resize
basic_string::_S_construct null not valid
basic_string::basic_string
basic_string::substr
/dev/urandom
default
/dev/random
random_device::random_device(const std::string&)
mt19937
%s: __pos (which is %zu) > this->size() (which is %zu)
basic_string::at: __n (which is %zu) >= this->size() (which is %zu)
basic_string::copy
basic_string::compare
basic_string::_S_create
basic_string::erase
basic_string::_M_replace_aux
basic_string::insert
basic_string::replace
basic_string::assign
basic_string::append
basic_string::resize
basic_string::_S_construct null not valid
basic_string::basic_string
basic_string::substr
POSIX
POSIX
space
print
cntrl
upper
lower
alpha
digit
punct
xdigit
alnum
graph
blank
basic_string::append
POSIX
basic_string::erase
%s: __pos (which is %zu) > this->size() (which is %zu)
%.*Lf
%m/%d/%y
%H:%M
%H:%M:%S
uninitialized __any_string
cannot create shim for unknown locale::facet
basic_string::append
POSIX
basic_string::erase
%s: __pos (which is %zu) > this->size() (which is %zu)
%.*Lf
%m/%d/%y
%H:%M
%H:%M:%S
basic_filebuf::underflow codecvt::max_length() is not valid
basic_filebuf::underflow invalid byte sequence in file
basic_filebuf::underflow incomplete character in file
basic_filebuf::underflow error reading the file
basic_filebuf::xsgetn error reading the file
basic_filebuf::_M_convert_to_external conversion error
basic_ios::clear
ios_base::_M_grow_words is not valid
ios_base::_M_grow_words allocation failed
POSIX
basic_string::erase
%s: __pos (which is %zu) > this->size() (which is %zu)
%.*Lf
%m/%d/%y
%H:%M
%H:%M:%S
not enough space for format expansion (Please submit full bug report at https://gcc.gnu.org/bugs/):
    
0123456789
basic_string::_M_create
%s: __pos (which is %zu) > this->size() (which is %zu)
basic_string::at: __n (which is %zu) >= this->size() (which is %zu)
basic_string::erase
basic_string::_M_replace_aux
basic_string::insert
basic_string::replace
basic_string::_M_replace
basic_string::assign
basic_string::append
basic_string::copy
basic_string::compare
basic_string::_M_construct null not valid
basic_string::basic_string
string::string
basic_string::substr
POSIX
basic_string::erase
%s: __pos (which is %zu) > this->size() (which is %zu)
%.*Lf
%m/%d/%y
%H:%M
%H:%M:%S
basic_string::_M_create
%s: __pos (which is %zu) > this->size() (which is %zu)
basic_string::at: __n (which is %zu) >= this->size() (which is %zu)
basic_string::erase
basic_string::_M_replace_aux
basic_string::insert
basic_string::replace
basic_string::_M_replace
basic_string::assign
basic_string::append
basic_string::copy
basic_string::compare
basic_string::_M_construct null not valid
basic_string::basic_string
string::string
basic_string::substr
std::bad_alloc
std::bad_cast
std::bad_typeid
__gnu_cxx::__concurrence_lock_error
__gnu_cxx::__concurrence_unlock_error
std::exception
std::bad_exception
__gnu_cxx::__concurrence_lock_error
__gnu_cxx::__concurrence_unlock_error
pure virtual method called
deleted virtual method called
locale::facet::_S_create_c_locale name not valid
LC_CTYPE
LC_NUMERIC
LC_TIME
LC_COLLATE
LC_MONETARY
LC_MESSAGES
-+xX0123456789abcdef0123456789ABCDEF
-+xX0123456789abcdefABCDEF
-0123456789
AKST
basic_string::replace
%s: __pos (which is %zu) > this->size() (which is %zu)
%m/%d/%y
%H:%M:%S
Sunday
Monday
Tuesday
Wednesday
Thursday
Friday
Saturday
January
February
March
April
June
July
August
September
October
November
December
iostream
iostream error
Unknown error
basic_string::append
generic
system
std::bad_array_new_length
terminate called recursively
terminate called after throwing an instance of '
terminate called without an active exception
  what():  
_GLOBAL_
(anonymous namespace)
string literal
auto
decltype(auto)
[abi:
{default arg#
JArray
auto:
template parameter object for 
vtable for 
VTT for 
construction vtable for 
-in-
typeinfo for 
typeinfo name for 
typeinfo fn for 
non-virtual thunk to 
virtual thunk to 
covariant return thunk to 
java Class for 
guard variable for 
TLS init function for 
TLS wrapper function for 
reference temporary #
 for 
hidden alias for 
transaction clone for 
non-transaction clone for 
_Sat 
_Fract
_Accum
operator
operator 
new 
false
true
java resource 
decltype (
{parm#
this
global constructors keyed to 
global destructors keyed to 
{lambda(
{unnamed type#
 [clone 
 restrict
 volatile
 const
 transaction_safe
 noexcept
 throw
complex 
imaginary 
 __vector(
(...
...)
std::allocator
allocator
std::basic_string
basic_string
std::string
std::basic_string<char, std::char_traits<char>, std::allocator<char> >
std::istream
std::basic_istream<char, std::char_traits<char> >
basic_istream
std::ostream
std::basic_ostream<char, std::char_traits<char> >
basic_ostream
std::iostream
std::basic_iostream<char, std::char_traits<char> >
basic_iostream
alignof 
const_cast
delete[] 
dynamic_cast
delete 
operator"" 
new[]
reinterpret_cast
sizeof...
static_cast
sizeof 
throw
throw 
signed char
bool
boolean
char
byte
double
long double
float
__float128
unsigned char
unsigned int
unsigned
long
unsigned long
__int128
unsigned __int128
short
unsigned short
void
wchar_t
long long
unsigned long long
decimal32
decimal64
decimal128
half
char8_t
char16_t
char32_t
decltype(nullptr)
Mingw runtime failure:
  VirtualQuery failed for %d bytes at address %p
  Unknown pseudo relocation protocol version %d.
  Unknown pseudo relocation bit size %d.
inity
vH7B
W4vC
[%Co
O8M2
glob-1.0-mingw32
alnum
alpha
cntrl
digit
graph
lower
print
punct
space
upper
xdigit
0123456789
abcdef
ABCDEF
aAeEfFgGcCdiouxXnpsS
(null)
PRINTF_EXPONENT_DIGITS
+-' 0#
LC_ALL
LC_CTYPE
LANG
Infinity
aCoc
<2ZGU
N10__cxxabiv115__forced_unwindE
N10__cxxabiv117__class_type_infoE
N10__cxxabiv119__foreign_exceptionE
N10__cxxabiv120__si_class_type_infoE
N10__cxxabiv121__vmi_class_type_infoE
*N12_GLOBAL__N_117io_error_categoryE
*N12_GLOBAL__N_121system_error_categoryE
*N12_GLOBAL__N_122generic_error_categoryE
N9__gnu_cxx13stdio_filebufIcSt11char_traitsIcEEE
N9__gnu_cxx13stdio_filebufIwSt11char_traitsIwEEE
N9__gnu_cxx18stdio_sync_filebufIcSt11char_traitsIcEEE
N9__gnu_cxx18stdio_sync_filebufIwSt11char_traitsIwEEE
N9__gnu_cxx20recursive_init_errorE
N9__gnu_cxx24__concurrence_lock_errorE
N9__gnu_cxx26__concurrence_unlock_errorE
*NSt13__facet_shims12_GLOBAL__N_112collate_shimIcEE
*NSt13__facet_shims12_GLOBAL__N_112collate_shimIcEE
*NSt13__facet_shims12_GLOBAL__N_112collate_shimIwEE
*NSt13__facet_shims12_GLOBAL__N_112collate_shimIwEE
*NSt13__facet_shims12_GLOBAL__N_113messages_shimIcEE
*NSt13__facet_shims12_GLOBAL__N_113messages_shimIcEE
*NSt13__facet_shims12_GLOBAL__N_113messages_shimIwEE
*NSt13__facet_shims12_GLOBAL__N_113messages_shimIwEE
*NSt13__facet_shims12_GLOBAL__N_113numpunct_shimIcEE
*NSt13__facet_shims12_GLOBAL__N_113numpunct_shimIcEE
*NSt13__facet_shims12_GLOBAL__N_113numpunct_shimIwEE
*NSt13__facet_shims12_GLOBAL__N_113numpunct_shimIwEE
*NSt13__facet_shims12_GLOBAL__N_113time_get_shimIcEE
*NSt13__facet_shims12_GLOBAL__N_113time_get_shimIcEE
*NSt13__facet_shims12_GLOBAL__N_113time_get_shimIwEE
*NSt13__facet_shims12_GLOBAL__N_113time_get_shimIwEE
*NSt13__facet_shims12_GLOBAL__N_114money_get_shimIcEE
*NSt13__facet_shims12_GLOBAL__N_114money_get_shimIcEE
*NSt13__facet_shims12_GLOBAL__N_114money_get_shimIwEE
*NSt13__facet_shims12_GLOBAL__N_114money_get_shimIwEE
*NSt13__facet_shims12_GLOBAL__N_114money_put_shimIcEE
*NSt13__facet_shims12_GLOBAL__N_114money_put_shimIcEE
*NSt13__facet_shims12_GLOBAL__N_114money_put_shimIwEE
*NSt13__facet_shims12_GLOBAL__N_114money_put_shimIwEE
*NSt13__facet_shims12_GLOBAL__N_115moneypunct_shimIcLb0EEE
*NSt13__facet_shims12_GLOBAL__N_115moneypunct_shimIcLb0EEE
*NSt13__facet_shims12_GLOBAL__N_115moneypunct_shimIcLb1EEE
*NSt13__facet_shims12_GLOBAL__N_115moneypunct_shimIcLb1EEE
*NSt13__facet_shims12_GLOBAL__N_115moneypunct_shimIwLb0EEE
*NSt13__facet_shims12_GLOBAL__N_115moneypunct_shimIwLb0EEE
*NSt13__facet_shims12_GLOBAL__N_115moneypunct_shimIwLb1EEE
*NSt13__facet_shims12_GLOBAL__N_115moneypunct_shimIwLb1EEE
NSt3_V214error_categoryE
NSt6locale5facet6__shimE
NSt6locale5facetE
NSt7__cxx1110moneypunctIcLb0EEE
NSt7__cxx1110moneypunctIcLb1EEE
NSt7__cxx1110moneypunctIwLb0EEE
NSt7__cxx1110moneypunctIwLb1EEE
NSt7__cxx1114collate_bynameIcEE
NSt7__cxx1114collate_bynameIwEE
NSt7__cxx1115messages_bynameIcEE
NSt7__cxx1115messages_bynameIwEE
NSt7__cxx1115numpunct_bynameIcEE
NSt7__cxx1115numpunct_bynameIwEE
NSt7__cxx1115time_get_bynameIcSt19istreambuf_iteratorIcSt11char_traitsIcEEEE
NSt7__cxx1115time_get_bynameIwSt19istreambuf_iteratorIwSt11char_traitsIwEEEE
NSt7__cxx1117moneypunct_bynameIcLb0EEE
NSt7__cxx1117moneypunct_bynameIcLb1EEE
NSt7__cxx1117moneypunct_bynameIwLb0EEE
NSt7__cxx1117moneypunct_bynameIwLb1EEE
NSt7__cxx117collateIcEE
NSt7__cxx117collateIwEE
NSt7__cxx118messagesIcEE
NSt7__cxx118messagesIwEE
NSt7__cxx118numpunctIcEE
NSt7__cxx118numpunctIwEE
NSt7__cxx118time_getIcSt19istreambuf_iteratorIcSt11char_traitsIcEEEE
NSt7__cxx118time_getIwSt19istreambuf_iteratorIwSt11char_traitsIwEEEE
NSt7__cxx119money_getIcSt19istreambuf_iteratorIcSt11char_traitsIcEEEE
NSt7__cxx119money_getIwSt19istreambuf_iteratorIwSt11char_traitsIwEEEE
NSt7__cxx119money_putIcSt19ostreambuf_iteratorIcSt11char_traitsIcEEEE
NSt7__cxx119money_putIwSt19ostreambuf_iteratorIwSt11char_traitsIwEEEE
NSt8ios_base7failureB5cxx11E
NSt8ios_base7failureE
St10bad_typeid
St10ctype_base
St10money_base
St10moneypunctIcLb0EE
St10moneypunctIcLb1EE
St10moneypunctIwLb0EE
St10moneypunctIwLb1EE
St11__timepunctIcE
St11__timepunctIwE
St11logic_error
St11range_error
St12codecvt_base
St12ctype_bynameIcE
St12ctype_bynameIwE
St12domain_error
St12length_error
St12out_of_range
St12system_error
St13__ios_failure
St13bad_exception
St13basic_filebufIcSt11char_traitsIcEE
St13basic_filebufIwSt11char_traitsIwEE
St13basic_fstreamIcSt11char_traitsIcEE
St13basic_fstreamIwSt11char_traitsIwEE
St13basic_istreamIwSt11char_traitsIwEE
St13basic_ostreamIwSt11char_traitsIwEE
St13messages_base
St13runtime_error
St14basic_ifstreamIcSt11char_traitsIcEE
St14basic_ifstreamIwSt11char_traitsIwEE
St14basic_iostreamIwSt11char_traitsIwEE
St14basic_ofstreamIcSt11char_traitsIcEE
St14basic_ofstreamIwSt11char_traitsIwEE
St14codecvt_bynameIcciE
St14codecvt_bynameIwciE
St14collate_bynameIcE
St14collate_bynameIwE
St14overflow_error
St15basic_streambufIcSt11char_traitsIcEE
St15basic_streambufIwSt11char_traitsIwEE
St15messages_bynameIcE
St15messages_bynameIwE
St15numpunct_bynameIcE
St15numpunct_bynameIwE
St15time_get_bynameIcSt19istreambuf_iteratorIcSt11char_traitsIcEEE
St15time_get_bynameIwSt19istreambuf_iteratorIwSt11char_traitsIwEEE
St15time_put_bynameIcSt19ostreambuf_iteratorIcSt11char_traitsIcEEE
St15time_put_bynameIwSt19ostreambuf_iteratorIwSt11char_traitsIwEEE
St15underflow_error
St16__numpunct_cacheIcE
St16__numpunct_cacheIwE
St16invalid_argument
St17__timepunct_cacheIcE
St17__timepunct_cacheIwE
St17moneypunct_bynameIcLb0EE
St17moneypunct_bynameIcLb1EE
St17moneypunct_bynameIwLb0EE
St17moneypunct_bynameIwLb1EE
St18__moneypunct_cacheIcLb0EE
St18__moneypunct_cacheIcLb1EE
St18__moneypunct_cacheIwLb0EE
St18__moneypunct_cacheIwLb1EE
St19__codecvt_utf8_baseIDiE
St19__codecvt_utf8_baseIDsE
St19__codecvt_utf8_baseIwE
St19__iosfail_type_info
St20__codecvt_utf16_baseIDiE
St20__codecvt_utf16_baseIDsE
St20__codecvt_utf16_baseIwE
St20bad_array_new_length
St21__ctype_abstract_baseIcE
St21__ctype_abstract_baseIwE
St23__codecvt_abstract_baseIDiDuiE
St23__codecvt_abstract_baseIDiciE
St23__codecvt_abstract_baseIDsDuiE
St23__codecvt_abstract_baseIDsciE
St23__codecvt_abstract_baseIcciE
St23__codecvt_abstract_baseIwciE
St25__codecvt_utf8_utf16_baseIDiE
St25__codecvt_utf8_utf16_baseIDsE
St25__codecvt_utf8_utf16_baseIwE
St5ctypeIcE
St5ctypeIwE
St7codecvtIDiDuiE
St7codecvtIDiciE
St7codecvtIDsDuiE
St7codecvtIDsciE
St7codecvtIcciE
St7codecvtIwciE
St7collateIcE
St7collateIwE
St7num_getIcSt19istreambuf_iteratorIcSt11char_traitsIcEEE
St7num_getIwSt19istreambuf_iteratorIwSt11char_traitsIwEEE
St7num_putIcSt19ostreambuf_iteratorIcSt11char_traitsIcEEE
St7num_putIwSt19ostreambuf_iteratorIwSt11char_traitsIwEEE
St8bad_cast
St8ios_base
St8messagesIcE
St8messagesIwE
St8numpunctIcE
St8numpunctIwE
St8time_getIcSt19istreambuf_iteratorIcSt11char_traitsIcEEE
St8time_getIwSt19istreambuf_iteratorIwSt11char_traitsIwEEE
St8time_putIcSt19ostreambuf_iteratorIcSt11char_traitsIcEEE
St8time_putIwSt19ostreambuf_iteratorIwSt11char_traitsIwEEE
St9bad_alloc
St9basic_iosIcSt11char_traitsIcEE
St9basic_iosIwSt11char_traitsIwEE
St9exception
St9money_getIcSt19istreambuf_iteratorIcSt11char_traitsIcEEE
St9money_getIwSt19istreambuf_iteratorIwSt11char_traitsIwEEE
St9money_putIcSt19ostreambuf_iteratorIcSt11char_traitsIcEEE
St9money_putIwSt19ostreambuf_iteratorIwSt11char_traitsIwEEE
St9time_base
St9type_info
GCC: (MinGW.org Cross-GCC Build-20200531-1) 9.2.0
GCC: (MinGW.org Cross-GCC Build-20200531-1) 9.2.0
GCC: (MinGW.org GCC Build-2) 9.2.0
GCC: (MinGW.org Cross-GCC Build-20200531-1) 9.2.0
GCC: (MinGW.org Cross-GCC Build-20200531-1) 9.2.0
GCC: (MinGW.org Cross-GCC Build-20200531-1) 9.2.0
GCC: (MinGW.org Cross-GCC Build-20200531-1) 9.2.0
GCC: (MinGW.org Cross-GCC Build-20200531-1) 9.2.0
GCC: (MinGW.org Cross-GCC Build-20200531-1) 9.2.0
GCC: (MinGW.org Cross-GCC Build-20200531-1) 9.2.0
GCC: (MinGW.org Cross-GCC Build-20200531-1) 9.2.0
GCC: (MinGW.org Cross-GCC Build-20200531-1) 9.2.0
GCC: (MinGW.org Cross-GCC Build-20200531-1) 9.2.0
GCC: (MinGW.org Cross-GCC Build-20200531-1) 9.2.0
GCC: (MinGW.org Cross-GCC Build-20200531-1) 9.2.0
GCC: (MinGW.org Cross-GCC Build-20200531-1) 9.2.0
GCC: (MinGW.org Cross-GCC Build-20200531-1) 9.2.0
GCC: (MinGW.org Cross-GCC Build-20200531-1) 9.2.0
GCC: (MinGW.org Cross-GCC Build-20200531-1) 9.2.0
GCC: (MinGW.org Cross-GCC Build-20200531-1) 9.2.0
GCC: (MinGW.org Cross-GCC Build-20200531-1) 9.2.0
GCC: (MinGW.org Cross-GCC Build-20200531-1) 9.2.0
GCC: (MinGW.org Cross-GCC Build-20200531-1) 9.2.0
GCC: (MinGW.org Cross-GCC Build-20200531-1) 9.2.0
GCC: (MinGW.org Cross-GCC Build-20200531-1) 9.2.0
GCC: (MinGW.org Cross-GCC Build-20200531-1) 9.2.0
GCC: (MinGW.org Cross-GCC Build-20200531-1) 9.2.0
GCC: (MinGW.org Cross-GCC Build-20200531-1) 9.2.0
GCC: (MinGW.org Cross-GCC Build-20200531-1) 9.2.0
GCC: (MinGW.org Cross-GCC Build-20200531-1) 9.2.0
GCC: (MinGW.org Cross-GCC Build-20200531-1) 9.2.0
GCC: (MinGW.org Cross-GCC Build-20200531-1) 9.2.0
GCC: (MinGW.org Cross-GCC Build-20200531-1) 9.2.0
GCC: (MinGW.org Cross-GCC Build-20200531-1) 9.2.0
GCC: (MinGW.org Cross-GCC Build-20200531-1) 9.2.0
GCC: (MinGW.org Cross-GCC Build-20200531-1) 9.2.0
GCC: (MinGW.org Cross-GCC Build-20200531-1) 9.2.0
GCC: (MinGW.org Cross-GCC Build-20200531-1) 9.2.0
GCC: (MinGW.org Cross-GCC Build-20200531-1) 9.2.0
GCC: (MinGW.org Cross-GCC Build-20200531-1) 9.2.0
GCC: (MinGW.org Cross-GCC Build-20200531-1) 9.2.0
GCC: (MinGW.org Cross-GCC Build-20200531-1) 9.2.0
GCC: (MinGW.org Cross-GCC Build-20200531-1) 9.2.0
GCC: (MinGW.org Cross-GCC Build-20200531-1) 9.2.0
GCC: (MinGW.org Cross-GCC Build-20200531-1) 9.2.0
GCC: (MinGW.org Cross-GCC Build-20200531-1) 9.2.0
GCC: (MinGW.org Cross-GCC Build-20200531-1) 9.2.0
GCC: (MinGW.org Cross-GCC Build-20200531-1) 9.2.0
GCC: (MinGW.org Cross-GCC Build-20200531-1) 9.2.0
GCC: (MinGW.org Cross-GCC Build-20200531-1) 9.2.0
GCC: (MinGW.org Cross-GCC Build-20200531-1) 9.2.0
GCC: (MinGW.org Cross-GCC Build-20200531-1) 9.2.0
GCC: (MinGW.org Cross-GCC Build-20200531-1) 9.2.0
GCC: (MinGW.org Cross-GCC Build-20200531-1) 9.2.0
GCC: (MinGW.org Cross-GCC Build-20200531-1) 9.2.0
GCC: (MinGW.org Cross-GCC Build-20200531-1) 9.2.0
GCC: (MinGW.org Cross-GCC Build-20200531-1) 9.2.0
GCC: (MinGW.org Cross-GCC Build-20200531-1) 9.2.0
GCC: (MinGW.org Cross-GCC Build-20200531-1) 9.2.0
GCC: (MinGW.org Cross-GCC Build-20200531-1) 9.2.0
GCC: (MinGW.org Cross-GCC Build-20200531-1) 9.2.0
GCC: (MinGW.org Cross-GCC Build-20200531-1) 9.2.0
GCC: (MinGW.org Cross-GCC Build-20200531-1) 9.2.0
GCC: (MinGW.org Cross-GCC Build-20200531-1) 9.2.0
GCC: (MinGW.org Cross-GCC Build-20200531-1) 9.2.0
GCC: (MinGW.org Cross-GCC Build-20200531-1) 9.2.0
GCC: (MinGW.org Cross-GCC Build-20200531-1) 9.2.0
GCC: (MinGW.org Cross-GCC Build-20200531-1) 9.2.0
GCC: (MinGW.org Cross-GCC Build-20200531-1) 9.2.0
GCC: (MinGW.org Cross-GCC Build-20200531-1) 9.2.0
GCC: (MinGW.org Cross-GCC Build-20200531-1) 9.2.0
GCC: (MinGW.org Cross-GCC Build-20200531-1) 9.2.0
GCC: (MinGW.org Cross-GCC Build-20200531-1) 9.2.0
GCC: (MinGW.org Cross-GCC Build-20200531-1) 9.2.0
GCC: (MinGW.org Cross-GCC Build-20200531-1) 9.2.0
GCC: (MinGW.org Cross-GCC Build-20200531-1) 9.2.0
GCC: (MinGW.org Cross-GCC Build-20200531-1) 9.2.0
GCC: (MinGW.org Cross-GCC Build-20200531-1) 9.2.0
GCC: (MinGW.org Cross-GCC Build-20200531-1) 9.2.0
GCC: (MinGW.org Cross-GCC Build-20200531-1) 9.2.0
GCC: (MinGW.org Cross-GCC Build-20200531-1) 9.2.0
GCC: (MinGW.org Cross-GCC Build-20200531-1) 9.2.0
GCC: (MinGW.org Cross-GCC Build-20200531-1) 9.2.0
GCC: (MinGW.org Cross-GCC Build-20200531-1) 9.2.0
GCC: (MinGW.org Cross-GCC Build-20200531-1) 9.2.0
GCC: (MinGW.org Cross-GCC Build-20200531-1) 9.2.0
GCC: (MinGW.org Cross-GCC Build-20200531-1) 9.2.0
GCC: (MinGW.org Cross-GCC Build-20200531-1) 9.2.0
GCC: (MinGW.org Cross-GCC Build-20200531-1) 9.2.0
GCC: (MinGW.org Cross-GCC Build-20200531-1) 9.2.0
GCC: (MinGW.org Cross-GCC Build-20200531-1) 9.2.0
GCC: (MinGW.org Cross-GCC Build-20200531-1) 9.2.0
GCC: (MinGW.org Cross-GCC Build-20200531-1) 9.2.0
GCC: (MinGW.org Cross-GCC Build-20200531-1) 9.2.0
GCC: (MinGW.org Cross-GCC Build-20200531-1) 9.2.0
GCC: (MinGW.org Cross-GCC Build-20200531-1) 9.2.0
GCC: (MinGW.org Cross-GCC Build-20200531-1) 9.2.0
GCC: (MinGW.org Cross-GCC Build-20200531-1) 9.2.0
GCC: (MinGW.org Cross-GCC Build-20200531-1) 9.2.0
GCC: (MinGW.org Cross-GCC Build-20200531-1) 9.2.0
GCC: (MinGW.org Cross-GCC Build-20200531-1) 9.2.0
GCC: (MinGW.org Cross-GCC Build-20200531-1) 9.2.0
GCC: (MinGW.org Cross-GCC Build-20200531-1) 9.2.0
GCC: (MinGW.org Cross-GCC Build-20200531-1) 9.2.0
GCC: (MinGW.org Cross-GCC Build-20200531-1) 9.2.0
GCC: (MinGW.org Cross-GCC Build-20200531-1) 9.2.0
GCC: (MinGW.org Cross-GCC Build-20200531-1) 9.2.0
GCC: (MinGW.org Cross-GCC Build-20200531-1) 9.2.0
GCC: (MinGW.org Cross-GCC Build-20200531-1) 9.2.0
GCC: (MinGW.org Cross-GCC Build-20200531-1) 9.2.0
GCC: (MinGW.org Cross-GCC Build-20200531-1) 9.2.0
GCC: (MinGW.org Cross-GCC Build-20200531-1) 9.2.0
GCC: (MinGW.org Cross-GCC Build-20200531-1) 9.2.0
GCC: (MinGW.org Cross-GCC Build-20200531-1) 9.2.0
GCC: (MinGW.org Cross-GCC Build-20200531-1) 9.2.0
GCC: (MinGW.org Cross-GCC Build-20200531-1) 9.2.0
GCC: (MinGW.org Cross-GCC Build-20200531-1) 9.2.0
GCC: (MinGW.org Cross-GCC Build-20200531-1) 9.2.0
GCC: (MinGW.org Cross-GCC Build-20200531-1) 9.2.0
GCC: (MinGW.org Cross-GCC Build-20200531-1) 9.2.0
GCC: (MinGW.org Cross-GCC Build-20200531-1) 9.2.0
GCC: (MinGW.org Cross-GCC Build-20200531-1) 9.2.0
GCC: (MinGW.org Cross-GCC Build-20200531-1) 9.2.0
GCC: (MinGW.org Cross-GCC Build-20200531-1) 9.2.0
GCC: (MinGW.org Cross-GCC Build-20200531-1) 9.2.0
GCC: (MinGW.org Cross-GCC Build-20200531-1) 9.2.0
GCC: (MinGW.org Cross-GCC Build-20200531-1) 9.2.0
GCC: (MinGW.org Cross-GCC Build-20200531-1) 9.2.0
GCC: (MinGW.org Cross-GCC Build-20200531-1) 9.2.0
GCC: (MinGW.org Cross-GCC Build-20200531-1) 9.2.0
GCC: (MinGW.org Cross-GCC Build-20200531-1) 9.2.0
GCC: (MinGW.org Cross-GCC Build-20200531-1) 9.2.0
GCC: (MinGW.org Cross-GCC Build-20200531-1) 9.2.0
GCC: (MinGW.org Cross-GCC Build-20200531-1) 9.2.0
GCC: (MinGW.org Cross-GCC Build-20200531-1) 9.2.0
GCC: (MinGW.org Cross-GCC Build-20200531-1) 9.2.0
GCC: (MinGW.org Cross-GCC Build-20200531-1) 9.2.0
GCC: (MinGW.org Cross-GCC Build-20200531-1) 9.2.0
GCC: (MinGW.org Cross-GCC Build-20200531-1) 9.2.0
GCC: (MinGW.org Cross-GCC Build-20200531-1) 9.2.0
GCC: (MinGW.org Cross-GCC Build-20200531-1) 9.2.0
GCC: (MinGW.org Cross-GCC Build-20200531-1) 9.2.0
GCC: (MinGW.org Cross-GCC Build-20200531-1) 9.2.0
GCC: (MinGW.org Cross-GCC Build-20200531-1) 9.2.0
GCC: (MinGW.org Cross-GCC Build-20200531-1) 9.2.0
GCC: (MinGW.org Cross-GCC Build-20200531-1) 9.2.0
GCC: (MinGW.org Cross-GCC Build-20200531-1) 9.2.0
GCC: (MinGW.org Cross-GCC Build-20200531-1) 9.2.0
GCC: (MinGW.org Cross-GCC Build-20200531-1) 9.2.0
zPLR
zPLR
zPLR
zPLR
zPLR
zPLR
zPLR
zPLR
zPLR
zPLR
zPLR
zPLR
zPLR
zPLR
zPLR
zPLR
zPLR
zPLR
zPLR
zPLR
zPLR
zPLR
zPLR
zPLR
zPLR
zPLR
zPLR
zPLR
zPLR
zPLR
zPLR
zPLR
zPLR
zPLR
zPLR
zPLR
zPLR
zPLR
zPLR
zPLR
zPLR
zPLR
zPLR
zPLR
zPLR
zPLR
zPLR
zPLR
zPLR
zPLR
zPLR
zPLR
zPLR
zPLR
zPLR
zPLR
zPLR
zPLR
zPLR
zPLR
zPLR
zPLR
zPLR
zPLR
zPLR
zPLR
zPLR
zPLR
zPLR
zPLR
zPLR
zPLR
zPLR
zPLR
zPLR
zPLR
zPLR
zPLR
zPLR
zPLR
zPLR
zPLR
zPLR
zPLR
zPLR
zPLR
zPLR
zPLR
zPLR
zPLR
zPLR
zPLR
zPLR
zPLR
zPLR
zPLR
zPLR
zPLR
zPLR
zPLR
zPLR
zPLR
zPLR
zPLR
zPLR
zPLR
zPLR
zPLR
zPLR
zPLR
zPLR
zPLR
zPLR
zPLR
zPLR
zPLR
zPLR
zPLR
zPLR
zPLR
zPLR
zPLR
zPLR
zPLR
zPLR
zPLR
zPLR
zPLR
zPLR
zPLR
zPLR
zPLR
zPLR
zPLR
zPLR
zPLR
zPLR
zPLR
zPLR
zPLR
zPLR
zPLR
zPLR
zPLR
zPLR
zPLR
zPLR
zPLR
zPLR
zPLR
zPLR
zPLR
zPLR
zPLR
zPLR
zPLR
zPLR
zPLR
zPLR
zPLR
zPLR
zPLR
zPLR
zPLR
zPLR
zPLR
zPLR
zPLR
zPLR
zPLR
zPLR
zPLR
zPLR
zPLR
zPLR
zPLR
zPLR
zPLR
zPLR
zPLR
zPLR
zPLR
zPLR
zPLR
zPLR
zPLR
zPLR
zPLR
zPLR
zPLR
zPLR
zPLR
zPLR
zPLR
zPLR
zPLR
zPLR
zPLR
zPLR
zPLR
zPLR
zPLR
zPLR
zPLR
zPLR
zPLR
zPLR
zPLR
zPLR
zPLR
zPLR
zPLR
zPLR
zPLR
zPLR
zPLR
zPLR
zPLR
zPLR
zPLR
zPLR
zPLR
zPLR
zPLR
zPLR
zPLR
zPLR
zPLR
zPLR
zPLR
zPLR
zPLR
zPLR
zPLR
zPLR
zPLR
zPLR
zPLR
zPLR
zPLR
zPLR
zPLR
zPLR
zPLR
zPLR
zPLR
zPLR
zPLR
zPLR
zPLR
zPLR
zPLR
zPLR
zPLR
zPLR
zPLR
zPLR
zPLR
zPLR
zPLR
zPLR
zPLR
zPLR
zPLR
zPLR
zPLR
zPLR
zPLR
zPLR
zPLR
zPLR
zPLR
zPLR
zPLR
zPLR
zPLR
zPLR
zPLR
zPLR
zPLR
zPLR
zPLR
zPLR
zPLR
zPLR
zPLR
zPLR
zPLR
zPLR
zPLR
zPLR
zPLR
zPLR
zPLR
zPLR
zPLR
zPLR
zPLR
zPLR
zPLR
zPLR
zPLR
zPLR
zPLR
zPLR
zPLR
zPLR
zPLR
zPLR
zPLR
zPLR
zPLR
zPLR
zPLR
zPLR
zPLR
zPLR
zPLR
zPLR
zPLR
zPLR
zPLR
zPLR
zPLR
zPLR
zPLR
zPLR
zPLR
zPLR
zPLR
zPLR
zPLR
zPLR
zPLR
zPLR
zPLR
zPLR
zPLR
zPLR
zPLR
zPLR
zPLR
zPLR
zPLR
zPLR
zPLR
zPLR
zPLR
zPLR
zPLR
zPLR
zPLR
zPLR
zPLR
zPLR
zPLR
zPLR
zPLR
zPLR
zPLR
zPLR
zPLR
zPLR
zPLR
zPLR
zPLR
zPLR
zPLR
zPLR
zPLR
zPLR
zPLR
zPLR
zPLR
zPLR
zPLR
zPLR
zPLR
zPLR
zPLR
zPLR
zPLR
zPLR
zPLR
zPLR
zPLR
zPLR
zPLR
zPLR
zPLR
zPLR
zPLR
zPLR
zPLR
zPLR
zPLR
zPLR
zPLR
zPLR
zPLR
zPLR
zPLR
zPLR
zPLR
zPLR
zPLR
zPLR
zPLR
zPLR
zPLR
zPLR
zPLR
zPLR
zPLR
zPLR
zPLR
zPLR
zPLR
zPLR
zPLR
zPLR
zPLR
zPLR
zPLR
zPLR
zPLR
zPLR
zPLR
zPLR
zPLR
zPLR
zPLR
zPLR
zPLR
zPLR
zPLR
zPLR
zPLR
zPLR
zPLR
zPLR
zPLR
zPLR
zPLR
zPLR
zPLR
zPLR
zPLR
zPLR
zPLR
zPLR
zPLR
zPLR
zPLR
zPLR
zPLR
zPLR
zPLR
zPLR
zPLR
zPLR
zPLR
zPLR
zPLR
zPLR
zPLR
zPLR
zPLR
zPLR
zPLR
zPLR
zPLR
zPLR
zPLR
zPLR
zPLR
zPLR
zPLR
zPLR
zPLR
zPLR
zPLR
zPLR
zPLR
zPLR
zPLR
zPLR
zPLR
zPLR
zPLR
zPLR
zPLR
zPLR
zPLR
zPLR
zPLR
zPLR
zPLR
zPLR
zPLR
zPLR
zPLR
zPLR
zPLR
zPLR
zPLR
zPLR
zPLR
zPLR
zPLR
zPLR
zPLR
zPLR
zPLR
zPLR
zPLR
zPLR
zPLR
zPLR
zPLR
zPLR
zPLR
zPLR
zPLR
zPLR
zPLR
zPLR
zPLR
zPLR
zPLR
zPLR
zPLR
zPLR
zPLR
zPLR
zPLR
zPLR
zPLR
zPLR
zPLR
zPLR
zPLR
zPLR
zPLR
zPLR
zPLR
zPLR
zPLR
zPLR
zPLR
zPLR
zPLR
zPLR
zPLR
zPLR
zPLR
zPLR
zPLR
zPLR
zPLR
zPLR
zPLR
zPLR
zPLR
zPLR
zPLR
zPLR
zPLR
zPLR
zPLR
zPLR
zPLR
zPLR
zPLR
zPLR
zPLR
zPLR
zPLR
zPLR
zPLR
zPLR
zPLR
zPLR
zPLR
zPLR
zPLR
zPLR
zPLR
zPLR
zPLR
zPLR
zPLR
zPLR
zPLR
zPLR
zPLR
zPLR
zPLR
zPLR
zPLR
zPLR
zPLR
zPLR
zPLR
zPLR
zPLR
zPLR
zPLR
zPLR
zPLR
zPLR
zPLR
zPLR
zPLR
zPLR
zPLR
zPLR
zPLR
zPLR
zPLR
zPLR
zPLR
zPLR
zPLR
zPLR
zPLR
zPLR
zPLR
zPLR
zPLR
zPLR
zPLR
zPLR
zPLR
zPLR
zPLR
zPLR
zPLR
zPLR
zPLR
zPLR
zPLR
zPLR
zPLR
zPLR
zPLR
zPLR
zPLR
zPLR
zPLR
zPLR
zPLR
zPLR
zPLR
zPLR
zPLR
zPLR
zPLR
zPLR
zPLR
zPLR
zPLR
zPLR
zPLR
zPLR
zPLR
zPLR
zPLR
zPLR
zPLR
zPLR
zPLR
zPLR
zPLR
zPLR
zPLR
zPLR
zPLR
zPLR
zPLR
zPLR
zPLR
zPLR
zPLR
zPLR
zPLR
zPLR
zPLR
zPLR
zPLR
zPLR
zPLR
zPLR
zPLR
zPLR
zPLR
zPLR
zPLR
zPLR
zPLR
zPLR
zPLR
zPLR
zPLR
zPLR
zPLR
zPLR
zPLR
zPLR
zPLR
zPLR
zPLR
zPLR
zPLR
zPLR
zPLR
zPLR
zPLR
zPLR
zPLR
zPLR
zPLR
zPLR
zPLR
zPLR
zPLR
zPLR
zPLR
zPLR
zPLR
zPLR
zPLR
zPLR
zPLR
zPLR
zPLR
zPLR
zPLR
zPLR
zPLR
zPLR
zPLR
zPLR
zPLR
zPLR
zPLR
zPLR
zPLR
zPLR
zPLR
zPLR
zPLR
zPLR
zPLR
zPLR
zPLR
zPLR
zPLR
zPLR
zPLR
zPLR
CloseHandle
CreateSemaphoreW
DeleteCriticalSection
EnterCriticalSection
ExitProcess
FindClose
FindFirstFileA
FindNextFileA
FreeLibrary
GetCPInfo
GetCommandLineA
GetCurrentThreadId
GetLastError
GetModuleHandleA
GetProcAddress
InitializeCriticalSection
InterlockedDecrement
InterlockedExchange
InterlockedIncrement
LeaveCriticalSection
LoadLibraryA
MultiByteToWideChar
ReleaseSemaphore
SetLastError
SetUnhandledExceptionFilter
Sleep
TlsAlloc
TlsFree
TlsGetValue
TlsSetValue
VirtualProtect
VirtualQuery
WaitForSingleObject
WideCharToMultiByte
_fdopen
_fstat
_lseek
_read
_strdup
_stricoll
_write
__getmainargs
__mb_cur_max
__p__environ
__p__fmode
__set_app_type
_cexit
_errno
_filbuf
_flsbuf
_fpreset
_fullpath
_iob
_isctype
_msize
_onexit
_pctype
_setmode
_wfopen
abort
atexit
atoi
calloc
fclose
fflush
fopen
fputc
fputs
fread
fseek
ftell
fwrite
getenv
getwc
iswctype
localeconv
malloc
mbstowcs
memchr
memcmp
memcpy
memmove
memset
printf
putwc
setlocale
setvbuf
signal
sprintf
strchr
strcmp
strcoll
strerror
strftime
strlen
strncmp
strtod
strtoul
strxfrm
tolower
towlower
towupper
ungetc
ungetwc
vfprintf
wcscoll
wcsftime
wcslen
wcstombs
wcsxfrm
free
realloc
KERNEL32.dll
msvcrt.dll
msvcrt.dll
