Nmap scan report for ip-10-71-235-1.eu-west-1.compute.internal (10.71.235.1)
Host is up (0.000067s latency).
Not shown: 997 closed ports
PORT     STATE SERVICE
22/tcp   open  ssh
53/tcp   open  domain
8080/tcp open  http-proxy
MAC Address: FE:0E:4A:89:EC:2A (Unknown)

Nmap scan report for Athens.lxd (10.71.235.37)
Host is up (0.000050s latency).
Not shown: 999 closed ports
PORT   STATE SERVICE
22/tcp open  ssh
MAC Address: 00:16:3E:9E:36:DA (Xensource)

Nmap scan report for Labyrinth.lxd (10.71.235.159)
Host is up (0.000046s latency).
Not shown: 999 closed ports
PORT   STATE SERVICE
22/tcp open  ssh
MAC Address: 00:16:3E:65:94:47 (Xensource)

Nmap scan report for Minos.lxd (10.71.235.7)
Host is up (0.0000040s latency).
Not shown: 998 closed ports
PORT     STATE SERVICE
22/tcp   open  ssh
8080/tcp open  http-proxy
