JFIF
Rar!
n	,>
 !IU
N=y	
o%h+ 
N._^
+eW]9uM1
ztOc.
E|q9n
o%i+
ycI3]Z
(0d	
 P"1@24
i/DX
5r,X
%nK%
k73#,eu
6mcB
r>2^
=#yZ
'rBU
7"R&
!png
?1"D
^r6d
"#,&
"2@AQ
]bU3
r i\
=nq]
9V7]
NkNk
{d"D
4INq
IW|E
@A"0Qaq
ZtQN(
qn_|}
.U8'(WVHbT`
nsQF
x4^2{
gxE956
 2@Aa
Qq#3B
2-[3Y
ysu^55,3F
PALA
g;I"
Bsx&
0Qaq@P
?!7k
q(s*s9
V-k`
(3.0\
9g8;
L5{x
m&9'
C@b@
/hal
z87y
824U}
AQ0@a
fmE]U
XOa)
F]37
|CK+
rUf`
 s2L
$FP%&M
tq[2
E-w^G
XTZt
! 1A
Qa0@q
k[tn
.10D
Jr{JwI?
a80M;
92|LM
E,__Og
1?Fd
!10AQa
:}E"
P5U,QTr
A@:"
"F7i
E\nI
,tDk
k5UE`
C3#T
*1Gt
YDF@e'
(y	}
(WSo
Xzn3xz
d%	X8
TLV6
sPVT
"&V{U
|Ew5
mnl&<GJ
D \`
@!a(
N2)j
=^IfP
j\m:
v|	Q
4^V[r
5QAPP
L5s2%J
