# Nmap 7.92 scan initiated Wed Jun 15 19:12:12 2022 as: nmap -p7,21,22,23,80,61337 -sCV -oN nmap.log 10.10.90.253
Nmap scan report for 10.10.90.253
Host is up (0.21s latency).

PORT      STATE SERVICE VERSION
7/tcp     open  echo
21/tcp    open  ftp     vsftpd 3.0.3
22/tcp    open  ssh     OpenSSH 7.6p1 Ubuntu 4ubuntu0.5 (Ubuntu Linux; protocol 2.0)
| ssh-hostkey: 
|   2048 9e:30:c5:61:92:84:1b:24:64:86:c3:3b:b7:dc:99:34 (RSA)
|   256 78:c3:c3:83:81:73:cb:f1:50:41:f1:9a:d7:bf:3e:d1 (ECDSA)
|_  256 ec:ce:b8:f9:57:53:56:63:e9:61:90:12:15:e5:78:4a (ED25519)
23/tcp    open  telnet  Linux telnetd
80/tcp    open  http    Apache httpd 2.4.29 ((Ubuntu))
|_http-title: Apache2 Ubuntu Default Page: It works
|_http-server-header: Apache/2.4.29 (Ubuntu)
61337/tcp open  http    Werkzeug httpd 2.0.1 (Python 3.6.9)
| http-title: Site doesn't have a title (text/html; charset=utf-8).
|_Requested resource was http://10.10.90.253:61337/login
|_http-server-header: Werkzeug/2.0.1 Python/3.6.9
Service Info: OSs: Unix, Linux; CPE: cpe:/o:linux:linux_kernel

Service detection performed. Please report any incorrect results at https://nmap.org/submit/ .
# Nmap done at Wed Jun 15 19:12:30 2022 -- 1 IP address (1 host up) scanned in 18.11 seconds
