This file contains any messages produced by compilers while
running configure, to aid debugging if configure makes a mistake.

configure:531: checking for gcc
configure:644: checking whether the C compiler (gcc  ) works
configure:660: gcc -o conftest    conftest.c  1>&5
configure:657:1: warning: return type defaults to 'int' [-Wimplicit-int]
  657 | main(){return(0);}
      | ^~~~
configure:686: checking whether the C compiler (gcc  ) is a cross-compiler
configure:691: checking whether we are using GNU C
configure:700: gcc -E conftest.c
configure:719: checking whether gcc accepts -g
configure:752: checking if the compiler understands -pipe -Wall -funroll-all-loops
configure:763: gcc -pipe -Wall -funroll-all-loops -c -g -O2  conftest.c 1>&5
configure:806: checking for a BSD compatible install
configure:859: checking whether make sets ${MAKE}
configure:888: checking how to run the C preprocessor
configure:909: gcc -pipe -Wall -funroll-all-loops -E  conftest.c >/dev/null 2>conftest.out
configure:968: checking for ANSI C header files
configure:981: gcc -pipe -Wall -funroll-all-loops -E  conftest.c >/dev/null 2>conftest.out
configure:1048: gcc -pipe -Wall -funroll-all-loops -o conftest -g -O2   conftest.c  1>&5
configure: In function 'main':
configure:1043:67: warning: implicit declaration of function 'exit' [-Wimplicit-function-declaration]
 1043 | if (XOR (islower (i), ISLOWER (i)) || toupper (i) != TOUPPER (i)) exit(2);
      |                                                                   ^~~~
configure:1043:67: warning: incompatible implicit declaration of built-in function 'exit'
configure:1039:1: note: include '<stdlib.h>' or provide a declaration of 'exit'
 1038 | #include <ctype.h>
  +++ |+#include <stdlib.h>
 1039 | #define ISLOWER(c) ('a' <= (c) && (c) <= 'z')
configure:1044:1: warning: incompatible implicit declaration of built-in function 'exit'
 1044 | exit (0); }
      | ^~~~
configure:1044:1: note: include '<stdlib.h>' or provide a declaration of 'exit'
configure:1075: checking for fcntl.h
configure:1085: gcc -pipe -Wall -funroll-all-loops -E  conftest.c >/dev/null 2>conftest.out
configure:1075: checking for unistd.h
configure:1085: gcc -pipe -Wall -funroll-all-loops -E  conftest.c >/dev/null 2>conftest.out
configure:1075: checking for md5.h
configure:1085: gcc -pipe -Wall -funroll-all-loops -E  conftest.c >/dev/null 2>conftest.out
configure:1081:10: fatal error: md5.h: No such file or directory
 1081 | #include <$ac_hdr>
      |          ^~~~~~~
compilation terminated.
configure: failed program was:
#line 1080 "configure"
#include "confdefs.h"
#include <md5.h>
configure:1075: checking for err.h
configure:1085: gcc -pipe -Wall -funroll-all-loops -E  conftest.c >/dev/null 2>conftest.out
configure:1113: checking for size_t
configure:1146: checking for u_int64_t
configure:1179: checking for u_int32_t
configure:1212: checking for u_int16_t
configure:1245: checking for u_int8_t
configure:1282: checking for unistd.h
configure:1321: checking for getpagesize
configure:1349: gcc -pipe -Wall -funroll-all-loops -o conftest -g -O2   conftest.c  1>&5
configure:1374: checking for working mmap
configure:1522: gcc -pipe -Wall -funroll-all-loops -o conftest -g -O2   conftest.c  1>&5
configure:1453:7: warning: conflicting types for built-in function 'malloc'; expected 'void *(long unsigned int)' [-Wbuiltin-declaration-mismatch]
 1453 | char *malloc();
      |       ^~~~~~
configure:1408:1: note: 'malloc' is declared in header '<stdlib.h>'
 1407 | #include <sys/mman.h>
  +++ |+#include <stdlib.h>
 1408 | 
configure: In function 'main':
configure:1463:13: warning: implicit declaration of function 'getpagesize' [-Wimplicit-function-declaration]
 1463 |  pagesize = getpagesize();
      |             ^~~~~~~~~~~
configure:1470:3: warning: implicit declaration of function 'exit' [-Wimplicit-function-declaration]
 1470 |   exit(1);
      |   ^~~~
configure:1470:3: warning: incompatible implicit declaration of built-in function 'exit'
configure:1470:3: note: include '<stdlib.h>' or provide a declaration of 'exit'
configure:1472:17: warning: implicit declaration of function 'rand' [-Wimplicit-function-declaration]
 1472 |   *(data + i) = rand();
      |                 ^~~~
configure:1473:2: warning: implicit declaration of function 'umask' [-Wimplicit-function-declaration]
 1473 |  umask(0);
      |  ^~~~~
configure:1476:3: warning: incompatible implicit declaration of built-in function 'exit'
 1476 |   exit(1);
      |   ^~~~
configure:1476:3: note: include '<stdlib.h>' or provide a declaration of 'exit'
configure:1477:6: warning: implicit declaration of function 'write' [-Wimplicit-function-declaration]
 1477 |  if (write(fd, data, pagesize) != pagesize)
      |      ^~~~~
configure:1478:3: warning: incompatible implicit declaration of built-in function 'exit'
 1478 |   exit(1);
      |   ^~~~
configure:1478:3: note: include '<stdlib.h>' or provide a declaration of 'exit'
configure:1479:2: warning: implicit declaration of function 'close' [-Wimplicit-function-declaration]
 1479 |  close(fd);
      |  ^~~~~
configure:1488:3: warning: incompatible implicit declaration of built-in function 'exit'
 1488 |   exit(1);
      |   ^~~~
configure:1488:3: note: include '<stdlib.h>' or provide a declaration of 'exit'
configure:1491:3: warning: incompatible implicit declaration of built-in function 'exit'
 1491 |   exit(1);
      |   ^~~~
configure:1491:3: note: include '<stdlib.h>' or provide a declaration of 'exit'
configure:1492:24: warning: cast from pointer to integer of different size [-Wpointer-to-int-cast]
 1492 |  data2 += (pagesize - ((int) data2 & (pagesize - 1))) & (pagesize - 1);
      |                        ^
configure:1495:3: warning: incompatible implicit declaration of built-in function 'exit'
 1495 |   exit(1);
      |   ^~~~
configure:1495:3: note: include '<stdlib.h>' or provide a declaration of 'exit'
configure:1498:4: warning: incompatible implicit declaration of built-in function 'exit'
 1498 |    exit(1);
      |    ^~~~
configure:1498:4: note: include '<stdlib.h>' or provide a declaration of 'exit'
configure:1509:3: warning: incompatible implicit declaration of built-in function 'exit'
 1509 |   exit(1);
      |   ^~~~
configure:1509:3: note: include '<stdlib.h>' or provide a declaration of 'exit'
configure:1510:6: warning: implicit declaration of function 'read' [-Wimplicit-function-declaration]
 1510 |  if (read(fd, data3, pagesize) != pagesize)
      |      ^~~~
configure:1511:3: warning: incompatible implicit declaration of built-in function 'exit'
 1511 |   exit(1);
      |   ^~~~
configure:1511:3: note: include '<stdlib.h>' or provide a declaration of 'exit'
configure:1514:4: warning: incompatible implicit declaration of built-in function 'exit'
 1514 |    exit(1);
      |    ^~~~
configure:1514:4: note: include '<stdlib.h>' or provide a declaration of 'exit'
configure:1516:2: warning: implicit declaration of function 'unlink' [-Wimplicit-function-declaration]
 1516 |  unlink("conftestmmap");
      |  ^~~~~~
configure:1517:2: warning: incompatible implicit declaration of built-in function 'exit'
 1517 |  exit(0);
      |  ^~~~
configure:1517:2: note: include '<stdlib.h>' or provide a declaration of 'exit'
configure:1547: checking for strrchr
configure:1575: gcc -pipe -Wall -funroll-all-loops -o conftest -g -O2   conftest.c  1>&5
configure:1559:6: warning: conflicting types for built-in function 'strrchr'; expected 'char *(const char *, int)' [-Wbuiltin-declaration-mismatch]
 1559 | char $ac_func();
      |      ^~~~~~~
configure:1556:1: note: 'strrchr' is declared in header '<string.h>'
 1555 | #include <assert.h>
  +++ |+#include <string.h>
 1556 | /* Override any gcc2 internal prototype to avoid an error.  */
configure:1547: checking for memcpy
configure:1575: gcc -pipe -Wall -funroll-all-loops -o conftest -g -O2   conftest.c  1>&5
configure:1559:6: warning: conflicting types for built-in function 'memcpy'; expected 'void *(void *, const void *, long unsigned int)' [-Wbuiltin-declaration-mismatch]
 1559 | char $ac_func();
      |      ^~~~~~
configure:1556:1: note: 'memcpy' is declared in header '<string.h>'
 1555 | #include <assert.h>
  +++ |+#include <string.h>
 1556 | /* Override any gcc2 internal prototype to avoid an error.  */
configure:1601: checking for strcasecmp
configure:1629: gcc -pipe -Wall -funroll-all-loops -o conftest -g -O2   conftest.c  1>&5
configure:1613:6: warning: conflicting types for built-in function 'strcasecmp'; expected 'int(const char *, const char *)' [-Wbuiltin-declaration-mismatch]
 1613 | char strcasecmp();
      |      ^~~~~~~~~~
configure:1655: checking for snprintf
configure:1683: gcc -pipe -Wall -funroll-all-loops -o conftest -g -O2   conftest.c  1>&5
configure:1667:6: warning: conflicting types for built-in function 'snprintf'; expected 'int(char *, long unsigned int,  const char *, ...)' [-Wbuiltin-declaration-mismatch]
 1667 | char snprintf();
      |      ^~~~~~~~
configure:1664:1: note: 'snprintf' is declared in header '<stdio.h>'
 1663 | #include <assert.h>
  +++ |+#include <stdio.h>
 1664 | /* Override any gcc2 internal prototype to avoid an error.  */
configure:1716: checking for MD5Update
configure:1744: gcc -pipe -Wall -funroll-all-loops -o conftest -g -O2   conftest.c  1>&5
/usr/bin/ld: /tmp/ccw00Ow5.o: in function `main':
/root/TryHackMe/stego/cicada/outguess/configure:1738: undefined reference to `MD5Update'
collect2: error: ld returned 1 exit status
configure: failed program was:
#line 1721 "configure"
#include "confdefs.h"
/* System header to define __stub macros and hopefully few prototypes,
    which can conflict with char MD5Update(); below.  */
#include <assert.h>
/* Override any gcc2 internal prototype to avoid an error.  */
/* We use char because int might match the return type of a gcc2
    builtin and then its argument prototype would still apply.  */
char MD5Update();

int main() {

/* The GNU C library defines this for functions which it implements
    to always fail with ENOSYS.  Some functions are actually named
    something starting with __ and the normal name is an alias.  */
#if defined (__stub_MD5Update) || defined (__stub___MD5Update)
choke me
#else
MD5Update();
#endif

; return 0; }
configure:1777: checking for warnx
configure:1805: gcc -pipe -Wall -funroll-all-loops -o conftest -g -O2   conftest.c  1>&5
