JFIF
xExif
CCT 2019
http://ns.adobe.com/xap/1.0/
<?xpacket begin='
' id='W5M0MpCehiHzreSzNTczkc9d'?>
<x:xmpmeta xmlns:x='adobe:ns:meta/' x:xmptk='Image::ExifTool 11.16'>
<rdf:RDF xmlns:rdf='http://www.w3.org/1999/02/22-rdf-syntax-ns#'>
 <rdf:Description rdf:about=''
  xmlns:dc='http://purl.org/dc/elements/1.1/'>
  <dc:description>
   <rdf:Alt>
    <rdf:li xml:lang='x-default'>.--- ..- ... - .- .-- .- .-. -- ..- .--. .-. .. --. .... - ..--..</rdf:li>
   </rdf:Alt>
  </dc:description>
 </rdf:Description>
 <rdf:Description rdf:about=''
  xmlns:pdf='http://ns.adobe.com/pdf/1.3/'>
  <pdf:Author>Ed</pdf:Author>
 </rdf:Description>
</rdf:RDF>
</x:xmpmeta>
                                                                                                    
                                                                                                    
                                                                                                    
                                                                                                    
                                                                                                    
                                                                                                    
                                                                                                    
                                                                                                    
                                                                                                    
                                                                                                    
                                                                                                    
                                                                                                    
                                                                                                    
                                                                                                    
                                                                                                    
                                                                                                    
                                                                                                    
                                                                                                    
                                                                                                    
                                                                                                    
                                                                                                    
                                                                                                    
                                                                                                    
                                                                                                    
<?xpacket end='w'?>
$3br
%&'()*456789:CDEFGHIJSTUVWXYZcdefghijstuvwxyz
	#3R
&'()*56789:CDEFGHIJSTUVWXYZcdefghijstuvwxyz
437*p)d
N3NV
s1;N
dSRR2
u5~U
I'jr
}E/oZv
@Nr[&
_Z}1W
kXZy
wGKEC
kS1h
43jZ
Ocsg4
k=Ws*
~m7X
[]]nk{5e
[moxA>
QElf
_Q|f
?-vFdJ
Aso2
y4>M
aYWt
WMUf
bQk=
|Ri5
,{U~
iaWky
xWOk
5k4m
{mk[
%Xn7G
<a{u
}.WO
TQE{
(Wlk
K]]}
{veY
l~^u
b|f2|
{yly"
5	"]
o7j-@
V%em
|Qqug0
/g.c
+ln+
iZ'6&\
];K[
Oyoen
wmCk
|93C
#.i{
>[5h>
~-[C
O.XZ
(jV{
O	jV
h<U5
c[;+
m/'o
.<Uq3Z
J_	Q>
'Rf0
L>(i
t{[mOA
Igyl
u}wo
o0,q
KIEjf
wno3
i>*]
o7km
sI#]G
P*d3h
wou>
%Ui#
r-kA
}qoquks
OmBk
?	t_
c_txW
O;Quo
Q^C&
u-WD]
f{;f
smfo
hlo,
7O/n
xVx5
^x}f]
7aw+|
.&csy
{Xx}^
*kjZ
U3m_
\^i:
vT6-
Z9!m
9<mgx
o4-R
Ig$m
qubd_
+jit
y;~m
:k43B
jfUo
RxsT
dmjZ
_A|^
K6Wo
n..w
o2?/
5==uf
Yw+n
-|}u
_/JR
a_-k
n/.&
_j%O
w+C#H
>.xO
!fUo3
m~7j
yw57
}R;;
mkwm7
-v^ 
>i\u
zO/mdG
]&#3irOc
y{kx
pnY>
$NI`jS
1xen4
WFVf
iym=
-\s)R
WMmo
u[u}U
gR]K
*u9yJ
o9Ww
/huSY
yW>\
kne1
_Yt]
w~?-f
sOmf
[R'tq
WkvV
Mwkn
(fmKC
[t-M
u}gp
QK@	E
fakeflag.txtUT	
 ]ux
{pyu
WW6d
gkPK
fakeflag.txtUT
 ]ux
