!This program cannot be run in DOS mode.
.text
`.rsrc
@.reloc
cdacb
}\]V
@[R__
CR@@
rTRZ]
tZEV
@As7
lSystem.Resources.ResourceReader, mscorlib, Version=4.0.0.0, Culture=neutral, PublicKeyToken=b77a5c561934e089#System.Resources.RuntimeResourceSet
PADPADP
lSystem.Resources.ResourceReader, mscorlib, Version=4.0.0.0, Culture=neutral, PublicKeyToken=b77a5c561934e089#System.Resources.RuntimeResourceSet
PADPADP
BSJB
v4.0.30319
#Strings
#GUID
#Blob
<Module>
RE3.exe  
DotfuscatorAttribute
Settings
RE3  
.Properties
Resources
mscorlib
System
Attribute
System.Configuration
ApplicationSettingsBase
Object
System.Windows.Forms
Form
.ctor
get_A
get_C
get_Default
Default
System.Resources
ResourceManager
System.Globalization
CultureInfo
get_Culture
set_Culture
get_ResourceManager
Culture
Main
byteA
byteB
System.ComponentModel
IContainer
GroupBox
groupBox1
Button
checkButton
HScrollBar
bar1
bar2
bar3
bar4
Label
bar1Label
bar2Label
bar3Label
bar4Label
classA
EventArgs
eventHandlerA
ScrollEventArgs
scrollEventHandlerA
badBoy
eventHandlerB
scrollEventHandlerB
goodBoy
scrollEventHandlerC
scrollEventHandlerD
Dispose
value
disposing
System.Runtime.Versioning
TargetFrameworkAttribute
System.Runtime.CompilerServices
RuntimeCompatibilityAttribute
System.Reflection
AssemblyTitleAttribute
AssemblyDescriptionAttribute
AssemblyTrademarkAttribute
CompilationRelaxationsAttribute
AssemblyCompanyAttribute
AssemblyProductAttribute
AssemblyCopyrightAttribute
AssemblyConfigurationAttribute
System.Runtime.InteropServices
ComVisibleAttribute
GuidAttribute
AssemblyFileVersionAttribute
System.Diagnostics
DebuggableAttribute
DebuggingModes
RE3  
AttributeUsageAttribute
AttributeTargets
CompilerGeneratedAttribute
System.CodeDom.Compiler
GeneratedCodeAttribute
.cctor
SettingsBase
Synchronized
DebuggerNonUserCodeAttribute
ReferenceEquals
Type
RuntimeTypeHandle
GetTypeFromHandle
Assembly
get_Assembly
EditorBrowsableAttribute
EditorBrowsableState
STAThreadAttribute
Application
EnableVisualStyles
SetCompatibleTextRenderingDefault
Byte
<PrivateImplementationDetails>{82FD9487-036B-4066-83B5-473554084A3D}
ValueType
__StaticArrayInitTypeSize=32
$$method0x600000b-1
RuntimeHelpers
Array
RuntimeFieldHandle
InitializeArray
$$method0x600000b-2
Control
SuspendLayout
ControlCollection
get_Controls
System.Drawing
Point
set_Location
set_Name
Size
set_Size
set_TabIndex
set_TabStop
set_Text
set_AutoSize
ScrollEventHandler
ScrollBar
add_Scroll
ButtonBase
set_UseVisualStyleBackColor
EventHandler
add_Click
SizeF
ContainerControl
set_AutoScaleDimensions
AutoScaleMode
set_AutoScaleMode
set_ClientSize
add_Load
ResumeLayout
PerformLayout
get_Value
Clone
MessageBox
DialogResult
Show
Int32
ToString
System.Text
Encoding
get_ASCII
GetString
set_Maximum
IDisposable
RE3  
.Properties.Resources.resources
a.resources
KMicrosoft.VisualStudio.Editors.SettingsDesigner.SettingsSingleFileGenerator
10.0.0.0
3System.Resources.Tools.StronglyTypedResourceBuilder
4.0.0.0
.NETFramework,Version=v4.0
FrameworkDisplayName
.NET Framework 4
WrapNonExceptionThrows
RE3  
000:0:2:5.0.2300.0
%Navy Cyber Competition Team 2019     
$cd7ec975-154d-4ef3-bfd6-2983fc44ae86
1.0.0.0
RSDS
_CorExeMain
mscoree.dll
<?xml version="1.0" encoding="UTF-8" standalone="yes"?>
<assembly xmlns="urn:schemas-microsoft-com:asm.v1" manifestVersion="1.0">
  <assemblyIdentity version="1.0.0.0" name="MyApplication.app"/>
  <trustInfo xmlns="urn:schemas-microsoft-com:asm.v2">
    <security>
      <requestedPrivileges xmlns="urn:schemas-microsoft-com:asm.v3">
        <requestedExecutionLevel level="asInvoker" uiAccess="false"/>
      </requestedPrivileges>
    </security>
  </trustInfo>
</assembly>
